Unity Editor version:    2022.3.5f1 (9674261d40ee)
Branch:                  2022.3/release
Build type:              Release
Batch mode:              YES
macOS version:           Version 13.3.1 (Build 22E261)
Darwin version:          22.4.0
Architecture:            arm64
Running under Rosetta:   NO
Available memory:        16384 MB
Using pre-set license
Pro License: YES

COMMAND LINE ARGUMENTS:
/Applications/Unity/Hub/Editor/2022.3.5f1/Unity.app/Contents/MacOS/Unity
-adb2
-batchMode
-noUpm
-name
AssetImportWorker6
-projectPath
/Users/buyer/sailors/Unity/planetarium/immersive
-logFile
Logs/AssetImportWorker6.log
-srvPort
61296
Successfully changed project path to: /Users/buyer/sailors/Unity/planetarium/immersive
/Users/buyer/sailors/Unity/planetarium/immersive
[UnityMemory] Configuration Parameters - Can be set up in boot.config
    "memorysetup-bucket-allocator-granularity=16"
    "memorysetup-bucket-allocator-bucket-count=8"
    "memorysetup-bucket-allocator-block-size=33554432"
    "memorysetup-bucket-allocator-block-count=8"
    "memorysetup-main-allocator-block-size=16777216"
    "memorysetup-thread-allocator-block-size=16777216"
    "memorysetup-gfx-main-allocator-block-size=16777216"
    "memorysetup-gfx-thread-allocator-block-size=16777216"
    "memorysetup-cache-allocator-block-size=4194304"
    "memorysetup-typetree-allocator-block-size=2097152"
    "memorysetup-profiler-bucket-allocator-granularity=16"
    "memorysetup-profiler-bucket-allocator-bucket-count=8"
    "memorysetup-profiler-bucket-allocator-block-size=33554432"
    "memorysetup-profiler-bucket-allocator-block-count=8"
    "memorysetup-profiler-allocator-block-size=16777216"
    "memorysetup-profiler-editor-allocator-block-size=1048576"
    "memorysetup-temp-allocator-size-main=16777216"
    "memorysetup-job-temp-allocator-block-size=2097152"
    "memorysetup-job-temp-allocator-block-size-background=1048576"
    "memorysetup-job-temp-allocator-reduction-small-platforms=262144"
    "memorysetup-allocator-temp-initial-block-size-main=262144"
    "memorysetup-allocator-temp-initial-block-size-worker=262144"
    "memorysetup-temp-allocator-size-background-worker=32768"
    "memorysetup-temp-allocator-size-job-worker=262144"
    "memorysetup-temp-allocator-size-preload-manager=33554432"
    "memorysetup-temp-allocator-size-nav-mesh-worker=65536"
    "memorysetup-temp-allocator-size-audio-worker=65536"
    "memorysetup-temp-allocator-size-cloud-worker=32768"
    "memorysetup-temp-allocator-size-gi-baking-worker=262144"
    "memorysetup-temp-allocator-size-gfx=262144"
Player connection [8340151104] Host "[IP] 172.17.2.126 [Port] 0 [Flags] 2 [Guid] 2587753140 [EditorId] 2587753140 [Version] 1048832 [Id] OSXEditor(0,r2d2.local) [Debug] 1 [PackageName] OSXEditor [ProjectName] Editor" joined multi-casting on [225.0.0.222:54997]...

Player connection [8340151104] Host "[IP] 172.17.2.126 [Port] 0 [Flags] 2 [Guid] 2587753140 [EditorId] 2587753140 [Version] 1048832 [Id] OSXEditor(0,r2d2.local) [Debug] 1 [PackageName] OSXEditor [ProjectName] Editor" joined alternative multi-casting on [225.0.0.222:34997]...

Refreshing native plugins compatible for Editor in 2.67 ms, found 2 plugins.
Preloading 0 native plugins for Editor in 0.00 ms.
Initialize engine version: 2022.3.5f1 (9674261d40ee)
[Subsystems] Discovering subsystems at path /Applications/Unity/Hub/Editor/2022.3.5f1/Unity.app/Contents/Resources/UnitySubsystems
[Subsystems] Discovering subsystems at path /Users/buyer/sailors/Unity/planetarium/immersive/Assets
GfxDevice: creating device client; threaded=0; jobified=0
 preferred device: Apple M1 Pro (high power)
Metal devices available: 1
0: Apple M1 Pro (high power)
Using device Apple M1 Pro (high power)
Initializing Metal device caps: Apple M1 Pro
Initialize mono
Mono path[0] = '/Applications/Unity/Hub/Editor/2022.3.5f1/Unity.app/Contents/Managed'
Mono path[1] = '/Applications/Unity/Hub/Editor/2022.3.5f1/Unity.app/Contents/MonoBleedingEdge/lib/mono/unityjit-macos'
Mono config path = '/Applications/Unity/Hub/Editor/2022.3.5f1/Unity.app/Contents/MonoBleedingEdge/etc'
Using monoOptions --debugger-agent=transport=dt_socket,embedding=1,server=y,suspend=n,address=127.0.0.1:56847
Begin MonoManager ReloadAssembly
Registering precompiled unity dll's ...
Register platform support module: /Applications/Unity/Hub/Editor/2022.3.5f1/PlaybackEngines/WebGLSupport/UnityEditor.WebGL.Extensions.dll
Register platform support module: /Applications/Unity/Hub/Editor/2022.3.5f1/Unity.app/Contents/PlaybackEngines/MacStandaloneSupport/UnityEditor.OSXStandalone.Extensions.dll
Registered in 0.003668 seconds.
- Loaded All Assemblies, in  0.364 seconds
Native extension for OSXStandalone target not found
Native extension for WebGL target not found
Mono: successfully reloaded assembly
- Finished resetting the current domain, in  0.228 seconds
Domain Reload Profiling: 590ms
	BeginReloadAssembly (116ms)
		ExecutionOrderSort (0ms)
		DisableScriptedObjects (0ms)
		BackupInstance (0ms)
		ReleaseScriptingObjects (0ms)
		CreateAndSetChildDomain (1ms)
	RebuildCommonClasses (28ms)
	RebuildNativeTypeToScriptingClass (10ms)
	initialDomainReloadingComplete (65ms)
	LoadAllAssembliesAndSetupDomain (144ms)
		LoadAssemblies (115ms)
		RebuildTransferFunctionScriptingTraits (0ms)
		AnalyzeDomain (142ms)
			TypeCache.Refresh (141ms)
				TypeCache.ScanAssembly (128ms)
			ScanForSourceGeneratedMonoScriptInfo (0ms)
			ResolveRequiredComponents (0ms)
	FinalizeReload (228ms)
		ReleaseScriptCaches (0ms)
		RebuildScriptCaches (0ms)
		SetupLoadedEditorAssemblies (177ms)
			LogAssemblyErrors (0ms)
			InitializePlatformSupportModulesInManaged (5ms)
			SetLoadedEditorAssemblies (14ms)
			RefreshPlugins (0ms)
			BeforeProcessingInitializeOnLoad (3ms)
			ProcessInitializeOnLoadAttributes (111ms)
			ProcessInitializeOnLoadMethodAttributes (43ms)
			AfterProcessingInitializeOnLoad (0ms)
			EditorAssembliesLoaded (0ms)
		ExecutionOrderSort2 (0ms)
		AwakeInstancesAfterBackupRestoration (0ms)
========================================================================
Worker process is ready to serve import requests
Begin MonoManager ReloadAssembly
Symbol file LoadedFromMemory doesn't match image /Users/buyer/sailors/Unity/planetarium/immersive/Library/PackageCache/com.unity.visualscripting@1.8.0/Editor/VisualScripting.Core/Dependencies/YamlDotNet/Unity.VisualScripting.YamlDotNet.dll
Symbol file LoadedFromMemory doesn't match image /Users/buyer/sailors/Unity/planetarium/immersive/Library/PackageCache/com.unity.visualscripting@1.8.0/Editor/VisualScripting.Core/Dependencies/DotNetZip/Unity.VisualScripting.IonicZip.dll
- Loaded All Assemblies, in  0.876 seconds
Refreshing native plugins compatible for Editor in 1.06 ms, found 2 plugins.
Native extension for OSXStandalone target not found
Native extension for WebGL target not found
Mono: successfully reloaded assembly
- Finished resetting the current domain, in  0.531 seconds
Domain Reload Profiling: 1408ms
	BeginReloadAssembly (117ms)
		ExecutionOrderSort (0ms)
		DisableScriptedObjects (3ms)
		BackupInstance (0ms)
		ReleaseScriptingObjects (0ms)
		CreateAndSetChildDomain (39ms)
	RebuildCommonClasses (34ms)
	RebuildNativeTypeToScriptingClass (12ms)
	initialDomainReloadingComplete (25ms)
	LoadAllAssembliesAndSetupDomain (689ms)
		LoadAssemblies (380ms)
		RebuildTransferFunctionScriptingTraits (0ms)
		AnalyzeDomain (338ms)
			TypeCache.Refresh (319ms)
				TypeCache.ScanAssembly (304ms)
			ScanForSourceGeneratedMonoScriptInfo (12ms)
			ResolveRequiredComponents (7ms)
	FinalizeReload (531ms)
		ReleaseScriptCaches (0ms)
		RebuildScriptCaches (0ms)
		SetupLoadedEditorAssemblies (374ms)
			LogAssemblyErrors (0ms)
			InitializePlatformSupportModulesInManaged (5ms)
			SetLoadedEditorAssemblies (5ms)
			RefreshPlugins (0ms)
			BeforeProcessingInitializeOnLoad (58ms)
			ProcessInitializeOnLoadAttributes (246ms)
			ProcessInitializeOnLoadMethodAttributes (59ms)
			AfterProcessingInitializeOnLoad (1ms)
			EditorAssembliesLoaded (0ms)
		ExecutionOrderSort2 (0ms)
		AwakeInstancesAfterBackupRestoration (3ms)
Switching render pipeline f7a61c94616c24057bb3e10669747e6f -> 00000000000000000000000000000000
Launching external process: /Applications/Unity/Hub/Editor/2022.3.5f1/Unity.app/Contents/Tools/UnityShaderCompiler
Launched and connected shader compiler UnityShaderCompiler after 0.08 seconds
Refreshing native plugins compatible for Editor in 1.29 ms, found 2 plugins.
Preloading 0 native plugins for Editor in 0.00 ms.
Unloading 5107 Unused Serialized files (Serialized files now loaded: 0)
Unloading 116 unused Assets / (109.3 KB). Loaded Objects now: 5524.
Memory consumption went from 216.2 MB to 216.0 MB.
Total: 8.044459 ms (FindLiveObjects: 0.986542 ms CreateObjectMapping: 0.076792 ms MarkObjects: 6.277000 ms  DeleteObjects: 0.703333 ms)

AssetImportParameters requested are different than current active one (requested -> active):
  custom:container-demuxer-ogg: 62fdf1f143b41e24485cea50d1cbac27 -> 
  custom:video-decoder-ogg-theora: a1e56fd34408186e4bbccfd4996cb3dc -> 
  custom:CustomObjectIndexerAttribute: a3ef5dd2817f97addfee359851a9dba5 -> 
  custom:container-demuxer-webm: 4f35f7cbe854078d1ac9338744f61a02 -> 
  custom:container-muxer-webm: aa71ff27fc2769a1b78a27578f13a17b -> 
  custom:video-decoder-webm-vp8: 9c59270c3fd7afecdb556c50c9e8de78 -> 
  custom:AudioImporter_EditorPlatform: 3918e3fc78b5a79bad01e8451be0beb8 -> 
  custom:framework-osx-AVFoundation: e770b220cccbd017edd2c1fefb359320 -> 
  custom:video-encoder-webm-vp8: eb34c28f22e8b96e1ab97ce403110664 -> 
  custom:audio-decoder-ogg-vorbis: bf7c407c2cedff20999df2af8eb42d56 -> 
  custom:audio-encoder-webm-vorbis: bf7c407c2cedff20999df2af8eb42d56 -> 
========================================================================
Received Import Request.
  Time since last request: 217040.917393 seconds.
  path: Assets/Building Blocks/Alien_planet/Prefabs/Gas/Foliage/Gas_plantc.prefab
  artifactKey: Guid(89a1051dbfb301b4f9e07fee04e731d3) Importer(2089858483,0ecaa5967403d082aa24f35e1b516d23)
Start importing Assets/Building Blocks/Alien_planet/Prefabs/Gas/Foliage/Gas_plantc.prefab using Guid(89a1051dbfb301b4f9e07fee04e731d3) Importer(2089858483,0ecaa5967403d082aa24f35e1b516d23)  -> (artifact id: 'dace4c1a9bff7657a9489eb85077fe6c') in 0.157488 seconds
Number of updated asset objects reloaded before import = 0
Number of asset objects unloaded after import = 8
========================================================================
Received Import Request.
  Time since last request: 0.000168 seconds.
  path: Assets/Building Blocks/Alien_planet/Prefabs/Lush/Rocks/flat_rock_lush.prefab
  artifactKey: Guid(a992d192764bee74397d72a6119fe156) Importer(2089858483,3d70f49cd1c2eb9ae422958d1c652c6b)
Start importing Assets/Building Blocks/Alien_planet/Prefabs/Lush/Rocks/flat_rock_lush.prefab using Guid(a992d192764bee74397d72a6119fe156) Importer(2089858483,3d70f49cd1c2eb9ae422958d1c652c6b)  -> (artifact id: 'd5f2a88435e5e5ded61b0686824b6a7f') in 0.005928 seconds
Number of updated asset objects reloaded before import = 0
Number of asset objects unloaded after import = 10
========================================================================
Received Import Request.
  Time since last request: 0.000881 seconds.
  path: Assets/Building Blocks/Alien_planet/Foliage/Lush
  artifactKey: Guid(9a479bd94dc7c2a48ba4cda71e09a900) Importer(2089858483,0ecaa5967403d082aa24f35e1b516d23)
Start importing Assets/Building Blocks/Alien_planet/Foliage/Lush using Guid(9a479bd94dc7c2a48ba4cda71e09a900) Importer(2089858483,0ecaa5967403d082aa24f35e1b516d23)  -> (artifact id: '6411767a1b484d63cf36e662dae98ad0') in 0.001913 seconds
Number of updated asset objects reloaded before import = 0
Number of asset objects unloaded after import = 1
========================================================================
Received Import Request.
  Time since last request: 0.003227 seconds.
  path: Assets/Building Blocks/Alien_planet/Prefabs/Lush/foliage/Lush_plant.prefab
  artifactKey: Guid(7146ab830c0d2c645867e640fe30bacb) Importer(2089858483,0ecaa5967403d082aa24f35e1b516d23)
Start importing Assets/Building Blocks/Alien_planet/Prefabs/Lush/foliage/Lush_plant.prefab using Guid(7146ab830c0d2c645867e640fe30bacb) Importer(2089858483,0ecaa5967403d082aa24f35e1b516d23)  -> (artifact id: 'bc0a69bca2505a372aa45b931bc06f85') in 0.004546 seconds
Number of updated asset objects reloaded before import = 0
Number of asset objects unloaded after import = 8
========================================================================
Received Import Request.
  Time since last request: 0.002123 seconds.
  path: Assets/Building Blocks/Alien_planet/Spaceship/Spaceship_skin1.FBX
  artifactKey: Guid(8b573af4b70e8f14a89d52776f9dd12b) Importer(2089858483,0ecaa5967403d082aa24f35e1b516d23)
Start importing Assets/Building Blocks/Alien_planet/Spaceship/Spaceship_skin1.FBX using Guid(8b573af4b70e8f14a89d52776f9dd12b) Importer(2089858483,0ecaa5967403d082aa24f35e1b516d23)  -> (artifact id: 'a16185825f04870ea97886e68c26caa0') in 0.026255 seconds
Number of updated asset objects reloaded before import = 0
Number of asset objects unloaded after import = 82
========================================================================
Received Import Request.
  Time since last request: 0.011878 seconds.
  path: Assets/Building Blocks/Alien_planet/Rocks/Gas/Gas_smaller_rocks.FBX
  artifactKey: Guid(9544beedd3f6e2c43ad4fa7df8e7360b) Importer(2089858483,0ecaa5967403d082aa24f35e1b516d23)
Start importing Assets/Building Blocks/Alien_planet/Rocks/Gas/Gas_smaller_rocks.FBX using Guid(9544beedd3f6e2c43ad4fa7df8e7360b) Importer(2089858483,0ecaa5967403d082aa24f35e1b516d23)  -> (artifact id: 'fc6b58db4e2e86ff7e89a4eedb38b1c8') in 0.010257 seconds
Number of updated asset objects reloaded before import = 0
Number of asset objects unloaded after import = 8
========================================================================
Received Import Request.
  Time since last request: 0.001452 seconds.
  path: Assets/Building Blocks/Alien_planet/Prefabs/Dry/foliage
  artifactKey: Guid(1a1389476617c3f49bfa7c22943c487f) Importer(2089858483,0ecaa5967403d082aa24f35e1b516d23)
Start importing Assets/Building Blocks/Alien_planet/Prefabs/Dry/foliage using Guid(1a1389476617c3f49bfa7c22943c487f) Importer(2089858483,0ecaa5967403d082aa24f35e1b516d23)  -> (artifact id: '7c4ee57ed5d56771491a3de9a601eaed') in 0.001660 seconds
Number of updated asset objects reloaded before import = 0
Number of asset objects unloaded after import = 1
========================================================================
Received Import Request.
  Time since last request: 0.001068 seconds.
  path: Assets/Building Blocks/Alien_planet/Foliage/Dry/Dry_bulbous_plant.FBX
  artifactKey: Guid(2fee99b8fa7fd4c47a17d1e5192f1559) Importer(2089858483,0ecaa5967403d082aa24f35e1b516d23)
Start importing Assets/Building Blocks/Alien_planet/Foliage/Dry/Dry_bulbous_plant.FBX using Guid(2fee99b8fa7fd4c47a17d1e5192f1559) Importer(2089858483,0ecaa5967403d082aa24f35e1b516d23)  -> (artifact id: '624fec26262d8394471ffe074f0407a0') in 0.020973 seconds
Number of updated asset objects reloaded before import = 0
Number of asset objects unloaded after import = 8
========================================================================
Received Import Request.
  Time since last request: 0.002316 seconds.
  path: Assets/Building Blocks/Alien_planet/Alien_structures/Alien_sphere_skin2.FBX
  artifactKey: Guid(f22a66fa7e08ab740887468b6a186e66) Importer(2089858483,0ecaa5967403d082aa24f35e1b516d23)
Start importing Assets/Building Blocks/Alien_planet/Alien_structures/Alien_sphere_skin2.FBX using Guid(f22a66fa7e08ab740887468b6a186e66) Importer(2089858483,0ecaa5967403d082aa24f35e1b516d23)  -> (artifact id: '27b53ff65e39c7e3e6a3b8e4d94f1e38') in 0.010900 seconds
Number of updated asset objects reloaded before import = 0
Number of asset objects unloaded after import = 8
========================================================================
Received Import Request.
  Time since last request: 0.004314 seconds.
  path: Assets/Building Blocks/Alien_planet/Prefabs/Dry/Rocks
  artifactKey: Guid(366002e10ac7dae4882c7930ba3a7638) Importer(2089858483,0ecaa5967403d082aa24f35e1b516d23)
Start importing Assets/Building Blocks/Alien_planet/Prefabs/Dry/Rocks using Guid(366002e10ac7dae4882c7930ba3a7638) Importer(2089858483,0ecaa5967403d082aa24f35e1b516d23)  -> (artifact id: 'beda898b229a0e4035e6d63e276c72f9') in 0.001588 seconds
Number of updated asset objects reloaded before import = 0
Number of asset objects unloaded after import = 1
========================================================================
Received Import Request.
  Time since last request: 0.004987 seconds.
  path: Assets/Building Blocks/Alien_planet/Prefabs/effects/Glow.prefab
  artifactKey: Guid(f8d8e839da5c1fd4c8cb163738adb30b) Importer(2089858483,0ecaa5967403d082aa24f35e1b516d23)
Start importing Assets/Building Blocks/Alien_planet/Prefabs/effects/Glow.prefab using Guid(f8d8e839da5c1fd4c8cb163738adb30b) Importer(2089858483,0ecaa5967403d082aa24f35e1b516d23)  -> (artifact id: '157a9411363ecb0251376ec7bcb9e7af') in 0.063680 seconds
Number of updated asset objects reloaded before import = 0
Number of asset objects unloaded after import = 6
========================================================================
Received Import Request.
  Time since last request: 0.001411 seconds.
  path: Assets/Building Blocks/Alien_planet/Foliage/Lush/Lush_grassb.FBX
  artifactKey: Guid(e136b0aa8bb9f434f86ca8c61c6d079c) Importer(2089858483,0ecaa5967403d082aa24f35e1b516d23)
Start importing Assets/Building Blocks/Alien_planet/Foliage/Lush/Lush_grassb.FBX using Guid(e136b0aa8bb9f434f86ca8c61c6d079c) Importer(2089858483,0ecaa5967403d082aa24f35e1b516d23)  -> (artifact id: '3eb60da9748029ed371bbbf1684286dd') in 0.012576 seconds
Number of updated asset objects reloaded before import = 0
Number of asset objects unloaded after import = 7
========================================================================
Received Import Request.
  Time since last request: 0.006816 seconds.
  path: Assets/Building Blocks/Alien_planet/Spaceship/Ship_landing.anim
  artifactKey: Guid(2baac0e9fb16162439fa02a37c9fa235) Importer(2089858483,0ecaa5967403d082aa24f35e1b516d23)
Start importing Assets/Building Blocks/Alien_planet/Spaceship/Ship_landing.anim using Guid(2baac0e9fb16162439fa02a37c9fa235) Importer(2089858483,0ecaa5967403d082aa24f35e1b516d23)  -> (artifact id: 'f30423a46150074e2c8568d45d7af3cc') in 0.005512 seconds
Number of updated asset objects reloaded before import = 0
Number of asset objects unloaded after import = 1
========================================================================
Received Import Request.
  Time since last request: 0.000662 seconds.
  path: Assets/Building Blocks/Alien_planet/Terrain/Mesa_iceB.FBX
  artifactKey: Guid(8389453d948d6ad48a8de7eb878b4a78) Importer(2089858483,0ecaa5967403d082aa24f35e1b516d23)
Start importing Assets/Building Blocks/Alien_planet/Terrain/Mesa_iceB.FBX using Guid(8389453d948d6ad48a8de7eb878b4a78) Importer(2089858483,0ecaa5967403d082aa24f35e1b516d23)  -> (artifact id: '22f50b503bdd34ac4cdd0feb7bc16f44') in 0.010675 seconds
Number of updated asset objects reloaded before import = 0
Number of asset objects unloaded after import = 8
========================================================================
Received Import Request.
  Time since last request: 0.000258 seconds.
  path: Assets/Building Blocks/Alien_planet/Prefabs/Terrains/Dry/Mesa_dryB.prefab
  artifactKey: Guid(c3db50ba6e02ba84ba96acb0e8adae0d) Importer(2089858483,0ecaa5967403d082aa24f35e1b516d23)
Start importing Assets/Building Blocks/Alien_planet/Prefabs/Terrains/Dry/Mesa_dryB.prefab using Guid(c3db50ba6e02ba84ba96acb0e8adae0d) Importer(2089858483,0ecaa5967403d082aa24f35e1b516d23)  -> (artifact id: '13ffe147a45c80e9d553744b708fd081') in 0.019142 seconds
Number of updated asset objects reloaded before import = 0
Number of asset objects unloaded after import = 8
========================================================================
Received Import Request.
  Time since last request: 0.000743 seconds.
  path: Assets/Scripts/Immersive/Settings/Base-Earth/PlasticFantastic Shape.asset
  artifactKey: Guid(2859f2098353e4aeaa8c39d544dcc71b) Importer(2089858483,0ecaa5967403d082aa24f35e1b516d23)
Start importing Assets/Scripts/Immersive/Settings/Base-Earth/PlasticFantastic Shape.asset using Guid(2859f2098353e4aeaa8c39d544dcc71b) Importer(2089858483,0ecaa5967403d082aa24f35e1b516d23)  -> (artifact id: 'ebfe55a470ee5f133ab206b3c241802a') in 0.010992 seconds
Number of updated asset objects reloaded before import = 0
Number of asset objects unloaded after import = 1
========================================================================
Received Import Request.
  Time since last request: 0.005391 seconds.
  path: Assets/Building Blocks/Alien_planet/Prefabs/Terrains/Gas/Terrain_d_gas.prefab
  artifactKey: Guid(b527512144e312f488e5f5e7ffbf762a) Importer(2089858483,0ecaa5967403d082aa24f35e1b516d23)
Start importing Assets/Building Blocks/Alien_planet/Prefabs/Terrains/Gas/Terrain_d_gas.prefab using Guid(b527512144e312f488e5f5e7ffbf762a) Importer(2089858483,0ecaa5967403d082aa24f35e1b516d23)  -> (artifact id: '61634cb2c576b62fbdbc463699691d3f') in 0.004696 seconds
Number of updated asset objects reloaded before import = 0
Number of asset objects unloaded after import = 8
========================================================================
Received Import Request.
  Time since last request: 0.001053 seconds.
  path: Assets/Building Blocks/Alien_planet/Prefabs/Terrains/Gas
  artifactKey: Guid(020986ea181282b4e9fac21d5fae63b1) Importer(2089858483,0ecaa5967403d082aa24f35e1b516d23)
Start importing Assets/Building Blocks/Alien_planet/Prefabs/Terrains/Gas using Guid(020986ea181282b4e9fac21d5fae63b1) Importer(2089858483,0ecaa5967403d082aa24f35e1b516d23)  -> (artifact id: '7ff812e0b493644d8b634d6a47246ffb') in 0.001511 seconds
Number of updated asset objects reloaded before import = 0
Number of asset objects unloaded after import = 1
========================================================================
Received Import Request.
  Time since last request: 0.001309 seconds.
  path: Assets/Building Blocks/Alien_planet/Scenes/Ship mover.controller
  artifactKey: Guid(e6c638b781009714983f96971e5bfce7) Importer(2089858483,0ecaa5967403d082aa24f35e1b516d23)
Start importing Assets/Building Blocks/Alien_planet/Scenes/Ship mover.controller using Guid(e6c638b781009714983f96971e5bfce7) Importer(2089858483,0ecaa5967403d082aa24f35e1b516d23)  -> (artifact id: '26bde521909ff52a5abe3cbcf03538c6') in 0.003380 seconds
Number of updated asset objects reloaded before import = 0
Number of asset objects unloaded after import = 4
========================================================================
Received Import Request.
  Time since last request: 0.000195 seconds.
  path: Assets/Building Blocks/Alien_planet/Textures/color_swatch.tga
  artifactKey: Guid(d5905de7ebb5ecc4192b2ff6807ff7d5) Importer(2089858483,0ecaa5967403d082aa24f35e1b516d23)
Start importing Assets/Building Blocks/Alien_planet/Textures/color_swatch.tga using Guid(d5905de7ebb5ecc4192b2ff6807ff7d5) Importer(2089858483,0ecaa5967403d082aa24f35e1b516d23)  -> (artifact id: 'a2728f34f111c46eac58e023e8e86895') in 0.037240 seconds
Number of updated asset objects reloaded before import = 0
Number of asset objects unloaded after import = 1
========================================================================
Received Import Request.
  Time since last request: 0.001082 seconds.
  path: Assets/Building Blocks/Alien_planet/Prefabs/Dry/foliage/Dry_bulbous_plant.prefab
  artifactKey: Guid(2582211dc012ff74fa6008cc51f6ccd2) Importer(2089858483,3d70f49cd1c2eb9ae422958d1c652c6b)
Start importing Assets/Building Blocks/Alien_planet/Prefabs/Dry/foliage/Dry_bulbous_plant.prefab using Guid(2582211dc012ff74fa6008cc51f6ccd2) Importer(2089858483,3d70f49cd1c2eb9ae422958d1c652c6b)  -> (artifact id: '368442da3195542804f19c067cc2be89') in 0.002668 seconds
Number of updated asset objects reloaded before import = 0
Number of asset objects unloaded after import = 9
========================================================================
Received Import Request.
  Time since last request: 0.008675 seconds.
  path: Assets/Building Blocks/Alien_planet/Prefabs/Ice/Foliage/Ice_plantb.prefab
  artifactKey: Guid(be05dce64e4019e45b1527a645279d30) Importer(2089858483,0ecaa5967403d082aa24f35e1b516d23)
Start importing Assets/Building Blocks/Alien_planet/Prefabs/Ice/Foliage/Ice_plantb.prefab using Guid(be05dce64e4019e45b1527a645279d30) Importer(2089858483,0ecaa5967403d082aa24f35e1b516d23)  -> (artifact id: '308bb3214e65e314ceb8d6126d706de7') in 0.004746 seconds
Number of updated asset objects reloaded before import = 0
Number of asset objects unloaded after import = 8
========================================================================
Received Import Request.
  Time since last request: 0.000196 seconds.
  path: Assets/Building Blocks/Alien_planet/Prefabs/effects/gas_cloud.prefab
  artifactKey: Guid(bdf57184516de50448c405baff3ee98d) Importer(2089858483,0ecaa5967403d082aa24f35e1b516d23)
Start importing Assets/Building Blocks/Alien_planet/Prefabs/effects/gas_cloud.prefab using Guid(bdf57184516de50448c405baff3ee98d) Importer(2089858483,0ecaa5967403d082aa24f35e1b516d23)  -> (artifact id: '893170226b857d1b9c296264715b4e21') in 0.038487 seconds
Number of updated asset objects reloaded before import = 0
Number of asset objects unloaded after import = 6
========================================================================
Received Import Request.
  Time since last request: 0.001620 seconds.
  path: Assets/Building Blocks/Alien_planet/Prefabs/Dry/foliage/Dry_root_medium.prefab
  artifactKey: Guid(858057a656d247a42831f20d5aa34170) Importer(2089858483,3d70f49cd1c2eb9ae422958d1c652c6b)
Start importing Assets/Building Blocks/Alien_planet/Prefabs/Dry/foliage/Dry_root_medium.prefab using Guid(858057a656d247a42831f20d5aa34170) Importer(2089858483,3d70f49cd1c2eb9ae422958d1c652c6b)  -> (artifact id: 'd6b432d6c371564ae22941b9aff55c24') in 0.002378 seconds
Number of updated asset objects reloaded before import = 0
Number of asset objects unloaded after import = 9
========================================================================
Received Import Request.
  Time since last request: 0.000329 seconds.
  path: Assets/Building Blocks/Alien_planet/Prefabs/Terrains/Dry/Mesa_dry.prefab
  artifactKey: Guid(008812c45b9c65a43b3389f1b792a755) Importer(2089858483,3d70f49cd1c2eb9ae422958d1c652c6b)
Start importing Assets/Building Blocks/Alien_planet/Prefabs/Terrains/Dry/Mesa_dry.prefab using Guid(008812c45b9c65a43b3389f1b792a755) Importer(2089858483,3d70f49cd1c2eb9ae422958d1c652c6b)  -> (artifact id: '7a86229a6d357b2482eff3e5462af684') in 0.003721 seconds
Number of updated asset objects reloaded before import = 0
Number of asset objects unloaded after import = 9
========================================================================
Received Import Request.
  Time since last request: 0.006061 seconds.
  path: Assets/Scripts/Immersive/ColourGenerator.cs
  artifactKey: Guid(b14846b0b02df42c0860c34c11883b43) Importer(2089858483,0ecaa5967403d082aa24f35e1b516d23)
Start importing Assets/Scripts/Immersive/ColourGenerator.cs using Guid(b14846b0b02df42c0860c34c11883b43) Importer(2089858483,0ecaa5967403d082aa24f35e1b516d23)  -> (artifact id: '36b4238530f520b254d134568fa78639') in 0.003247 seconds
Number of updated asset objects reloaded before import = 0
Number of asset objects unloaded after import = 1
========================================================================
Received Import Request.
  Time since last request: 0.000739 seconds.
  path: Assets/Building Blocks/Alien_planet/Prefabs/Dry/Rocks/dry_flat_rockc.prefab
  artifactKey: Guid(e547d74fbb6521b4c90c65ea89f5c2ca) Importer(2089858483,3d70f49cd1c2eb9ae422958d1c652c6b)
Start importing Assets/Building Blocks/Alien_planet/Prefabs/Dry/Rocks/dry_flat_rockc.prefab using Guid(e547d74fbb6521b4c90c65ea89f5c2ca) Importer(2089858483,3d70f49cd1c2eb9ae422958d1c652c6b)  -> (artifact id: 'd41eb76eb8df72100a13f10f34969e1a') in 0.018426 seconds
Number of updated asset objects reloaded before import = 0
Number of asset objects unloaded after import = 9
========================================================================
Received Import Request.
  Time since last request: 0.000377 seconds.
  path: Assets/Building Blocks/Alien_planet/Foliage/Gas/Gas_mushroom_mediumB.FBX
  artifactKey: Guid(e8699c941808fdb47ab7df45b0555d13) Importer(2089858483,0ecaa5967403d082aa24f35e1b516d23)
Start importing Assets/Building Blocks/Alien_planet/Foliage/Gas/Gas_mushroom_mediumB.FBX using Guid(e8699c941808fdb47ab7df45b0555d13) Importer(2089858483,0ecaa5967403d082aa24f35e1b516d23)  -> (artifact id: '529c84e8311a8eb770aee5986e7117d4') in 0.010645 seconds
Number of updated asset objects reloaded before import = 0
Number of asset objects unloaded after import = 8
========================================================================
Received Import Request.
  Time since last request: 0.004962 seconds.
  path: Assets/Building Blocks/Alien_planet/Prefabs/Terrains/Gas/Mesa_gas.prefab
  artifactKey: Guid(b624f3b8e54079d48b0afc59cea80c26) Importer(2089858483,3d70f49cd1c2eb9ae422958d1c652c6b)
Start importing Assets/Building Blocks/Alien_planet/Prefabs/Terrains/Gas/Mesa_gas.prefab using Guid(b624f3b8e54079d48b0afc59cea80c26) Importer(2089858483,3d70f49cd1c2eb9ae422958d1c652c6b)  -> (artifact id: '3bd596453fe9f5f773b71108deb3af8c') in 0.002573 seconds
Number of updated asset objects reloaded before import = 0
Number of asset objects unloaded after import = 9
========================================================================
Received Import Request.
  Time since last request: 0.004419 seconds.
  path: Assets/Building Blocks/Alien_planet/Prefabs/effects/Jets_glow.prefab
  artifactKey: Guid(2206233b7b1c876408e1b8fc560279f4) Importer(2089858483,3d70f49cd1c2eb9ae422958d1c652c6b)
Start importing Assets/Building Blocks/Alien_planet/Prefabs/effects/Jets_glow.prefab using Guid(2206233b7b1c876408e1b8fc560279f4) Importer(2089858483,3d70f49cd1c2eb9ae422958d1c652c6b)  -> (artifact id: '4926ab34f80d74f0994046b5d53cd572') in 0.003318 seconds
Number of updated asset objects reloaded before import = 0
Number of asset objects unloaded after import = 11
========================================================================
Received Import Request.
  Time since last request: 0.000370 seconds.
  path: Assets/Building Blocks/Alien_planet/Rocks/Lush/small_rocks_lush.FBX
  artifactKey: Guid(f8004061ab6ee514baa180230ee204b7) Importer(2089858483,0ecaa5967403d082aa24f35e1b516d23)
Start importing Assets/Building Blocks/Alien_planet/Rocks/Lush/small_rocks_lush.FBX using Guid(f8004061ab6ee514baa180230ee204b7) Importer(2089858483,0ecaa5967403d082aa24f35e1b516d23)  -> (artifact id: 'fae764f01e47fb0a657a88c4ac60444a') in 0.017025 seconds
Number of updated asset objects reloaded before import = 0
Number of asset objects unloaded after import = 10
========================================================================
Received Import Request.
  Time since last request: 0.000331 seconds.
  path: Assets/Building Blocks/Alien_planet/Prefabs/Alien_structure/Alien_blockC_skin2.prefab
  artifactKey: Guid(d4c759573b9dc03499ce012d719f44f9) Importer(2089858483,0ecaa5967403d082aa24f35e1b516d23)
Start importing Assets/Building Blocks/Alien_planet/Prefabs/Alien_structure/Alien_blockC_skin2.prefab using Guid(d4c759573b9dc03499ce012d719f44f9) Importer(2089858483,0ecaa5967403d082aa24f35e1b516d23)  -> (artifact id: 'e1ef0fdc2236a508b337104ff0679be0') in 0.007818 seconds
Number of updated asset objects reloaded before import = 0
Number of asset objects unloaded after import = 8
========================================================================
Received Import Request.
  Time since last request: 0.000580 seconds.
  path: Assets/Building Blocks/Alien_planet/Foliage/Dry/Dry_deadtreeb.FBX
  artifactKey: Guid(35b89bcbbb56ce742a7d49d6274ec530) Importer(2089858483,0ecaa5967403d082aa24f35e1b516d23)
Start importing Assets/Building Blocks/Alien_planet/Foliage/Dry/Dry_deadtreeb.FBX using Guid(35b89bcbbb56ce742a7d49d6274ec530) Importer(2089858483,0ecaa5967403d082aa24f35e1b516d23)  -> (artifact id: '71fe21c47e7bd357f25154091d2afd2a') in 0.011089 seconds
Number of updated asset objects reloaded before import = 0
Number of asset objects unloaded after import = 8
========================================================================
Received Import Request.
  Time since last request: 0.001590 seconds.
  path: Assets/Building Blocks/Alien_planet/Foliage/Gas/Gas_plantb.FBX
  artifactKey: Guid(de8718b8651bf184192e6ff23e7b479c) Importer(2089858483,0ecaa5967403d082aa24f35e1b516d23)
Start importing Assets/Building Blocks/Alien_planet/Foliage/Gas/Gas_plantb.FBX using Guid(de8718b8651bf184192e6ff23e7b479c) Importer(2089858483,0ecaa5967403d082aa24f35e1b516d23)  -> (artifact id: '5f4e0565ec88e1c4bf7d471c1f70a2d0') in 0.016346 seconds
Number of updated asset objects reloaded before import = 0
Number of asset objects unloaded after import = 8
========================================================================
Received Import Request.
  Time since last request: 0.001285 seconds.
  path: Assets/Building Blocks/Alien_planet/Spaceship/Drone_skin3.FBX
  artifactKey: Guid(37d0aa1aaefef8d439cbb83e90738413) Importer(2089858483,0ecaa5967403d082aa24f35e1b516d23)
Start importing Assets/Building Blocks/Alien_planet/Spaceship/Drone_skin3.FBX using Guid(37d0aa1aaefef8d439cbb83e90738413) Importer(2089858483,0ecaa5967403d082aa24f35e1b516d23)  -> (artifact id: '973bf21c62a9f18ed82941cdaa2a7cca') in 0.013979 seconds
Number of updated asset objects reloaded before import = 0
Number of asset objects unloaded after import = 46
========================================================================
Received Import Request.
  Time since last request: 0.001597 seconds.
  path: Assets/Building Blocks/Alien_planet/Editor/CrossPlatformInput/CrossPlatformInputInitialize.cs
  artifactKey: Guid(db7667203062c644ea1877077e30ebd6) Importer(2089858483,0ecaa5967403d082aa24f35e1b516d23)
Start importing Assets/Building Blocks/Alien_planet/Editor/CrossPlatformInput/CrossPlatformInputInitialize.cs using Guid(db7667203062c644ea1877077e30ebd6) Importer(2089858483,0ecaa5967403d082aa24f35e1b516d23)  -> (artifact id: 'ed2a29b6a5517e6296038925be213f24') in 0.003873 seconds
Number of updated asset objects reloaded before import = 0
Number of asset objects unloaded after import = 1
========================================================================
Received Import Request.
  Time since last request: 0.001751 seconds.
  path: Assets/Building Blocks/Alien_planet/Foliage/Dry/Dry_treec.FBX
  artifactKey: Guid(16a5afb955b005c44bcdcb121bba9b4c) Importer(2089858483,0ecaa5967403d082aa24f35e1b516d23)
Start importing Assets/Building Blocks/Alien_planet/Foliage/Dry/Dry_treec.FBX using Guid(16a5afb955b005c44bcdcb121bba9b4c) Importer(2089858483,0ecaa5967403d082aa24f35e1b516d23)  -> (artifact id: 'e74e30908fae7278dea160373bfac5b5') in 0.009735 seconds
Number of updated asset objects reloaded before import = 0
Number of asset objects unloaded after import = 8
========================================================================
Received Import Request.
  Time since last request: 0.001059 seconds.
  path: Assets/Building Blocks/Alien_planet/Prefabs/Dry/Rocks/dry_flat_rockc.prefab
  artifactKey: Guid(e547d74fbb6521b4c90c65ea89f5c2ca) Importer(2089858483,0ecaa5967403d082aa24f35e1b516d23)
Start importing Assets/Building Blocks/Alien_planet/Prefabs/Dry/Rocks/dry_flat_rockc.prefab using Guid(e547d74fbb6521b4c90c65ea89f5c2ca) Importer(2089858483,0ecaa5967403d082aa24f35e1b516d23)  -> (artifact id: 'f7e7fa61e6718e5bbddb98dae6be3fa7') in 0.008092 seconds
Number of updated asset objects reloaded before import = 0
Number of asset objects unloaded after import = 8
========================================================================
Received Import Request.
  Time since last request: 0.008438 seconds.
  path: Assets/Building Blocks/Alien_planet/Prefabs/Alien_structure/Alien_blockC.prefab
  artifactKey: Guid(81a8d122f6ca4db43b49a1169f91598c) Importer(2089858483,0ecaa5967403d082aa24f35e1b516d23)
Start importing Assets/Building Blocks/Alien_planet/Prefabs/Alien_structure/Alien_blockC.prefab using Guid(81a8d122f6ca4db43b49a1169f91598c) Importer(2089858483,0ecaa5967403d082aa24f35e1b516d23)  -> (artifact id: '8b0e7a55da1dc8bf902ac0fac3a3839e') in 0.004764 seconds
Number of updated asset objects reloaded before import = 0
Number of asset objects unloaded after import = 8
========================================================================
Received Import Request.
  Time since last request: 0.001468 seconds.
  path: Assets/Building Blocks/Alien_planet/Prefabs/Spaceships/Drone_skin1.prefab
  artifactKey: Guid(5c87ba7805341b74db2bf6586bc55f3d) Importer(2089858483,0ecaa5967403d082aa24f35e1b516d23)
Start importing Assets/Building Blocks/Alien_planet/Prefabs/Spaceships/Drone_skin1.prefab using Guid(5c87ba7805341b74db2bf6586bc55f3d) Importer(2089858483,0ecaa5967403d082aa24f35e1b516d23)  -> (artifact id: 'ffbc720f1bfb971dc9019db9cf3bfc3e') in 0.002883 seconds
Number of updated asset objects reloaded before import = 0
Number of asset objects unloaded after import = 54
========================================================================
Received Import Request.
  Time since last request: 0.000599 seconds.
  path: Assets/Building Blocks/Alien_planet/Prefabs/Dry
  artifactKey: Guid(df9e6cc6ec617ce4bb333743b12bbf3a) Importer(2089858483,0ecaa5967403d082aa24f35e1b516d23)
Start importing Assets/Building Blocks/Alien_planet/Prefabs/Dry using Guid(df9e6cc6ec617ce4bb333743b12bbf3a) Importer(2089858483,0ecaa5967403d082aa24f35e1b516d23)  -> (artifact id: 'deebe9d8cbc339b39e3303f46bb2b6fa') in 0.001528 seconds
Number of updated asset objects reloaded before import = 0
Number of asset objects unloaded after import = 1
========================================================================
Received Import Request.
  Time since last request: 0.000244 seconds.
  path: Assets/Building Blocks/Alien_planet/Terrain/Terrain_b_lush.FBX
  artifactKey: Guid(db16c2e771c8c824bb14e7ec5335f96e) Importer(2089858483,0ecaa5967403d082aa24f35e1b516d23)
Start importing Assets/Building Blocks/Alien_planet/Terrain/Terrain_b_lush.FBX using Guid(db16c2e771c8c824bb14e7ec5335f96e) Importer(2089858483,0ecaa5967403d082aa24f35e1b516d23)  -> (artifact id: '85c30014140579dc47ec556a9d3f52de') in 0.018152 seconds
Number of updated asset objects reloaded before import = 0
Number of asset objects unloaded after import = 10
========================================================================
Received Import Request.
  Time since last request: 0.000404 seconds.
  path: Assets/Building Blocks/Alien_planet/Foliage/Dry
  artifactKey: Guid(2520266af670ed34d9199b3a43fe1ed6) Importer(2089858483,0ecaa5967403d082aa24f35e1b516d23)
Start importing Assets/Building Blocks/Alien_planet/Foliage/Dry using Guid(2520266af670ed34d9199b3a43fe1ed6) Importer(2089858483,0ecaa5967403d082aa24f35e1b516d23)  -> (artifact id: '92a0cf03327bc4c40186c6bcd7c74475') in 0.001570 seconds
Number of updated asset objects reloaded before import = 0
Number of asset objects unloaded after import = 1
========================================================================
Received Import Request.
  Time since last request: 0.000190 seconds.
  path: Assets/Building Blocks/Alien_planet/Terrain/Terrain_b_ice.FBX
  artifactKey: Guid(5d51cae337af1b944bffb1096cab3cf1) Importer(2089858483,0ecaa5967403d082aa24f35e1b516d23)
Start importing Assets/Building Blocks/Alien_planet/Terrain/Terrain_b_ice.FBX using Guid(5d51cae337af1b944bffb1096cab3cf1) Importer(2089858483,0ecaa5967403d082aa24f35e1b516d23)  -> (artifact id: '3dfdfaa7ce6fd675a44e849bca98d456') in 0.010758 seconds
Number of updated asset objects reloaded before import = 0
Number of asset objects unloaded after import = 8
========================================================================
Received Import Request.
  Time since last request: 0.001441 seconds.
  path: Assets/Building Blocks/Alien_planet/Foliage/Lush/giant_flowerB_lush.FBX
  artifactKey: Guid(9a9d8e59a0dabb547be678b1aa038dcb) Importer(2089858483,0ecaa5967403d082aa24f35e1b516d23)
Start importing Assets/Building Blocks/Alien_planet/Foliage/Lush/giant_flowerB_lush.FBX using Guid(9a9d8e59a0dabb547be678b1aa038dcb) Importer(2089858483,0ecaa5967403d082aa24f35e1b516d23)  -> (artifact id: '6758f475eb3bfcdf3fe5343a6ecd9f74') in 0.011978 seconds
Number of updated asset objects reloaded before import = 0
Number of asset objects unloaded after import = 8
========================================================================
Received Import Request.
  Time since last request: 0.000170 seconds.
  path: Assets/Building Blocks/Alien_planet/Prefabs/Ice/Rocks/bigrock_ice.prefab
  artifactKey: Guid(f22d896da50d3a14c9d4ac6cb4f15522) Importer(2089858483,0ecaa5967403d082aa24f35e1b516d23)
Start importing Assets/Building Blocks/Alien_planet/Prefabs/Ice/Rocks/bigrock_ice.prefab using Guid(f22d896da50d3a14c9d4ac6cb4f15522) Importer(2089858483,0ecaa5967403d082aa24f35e1b516d23)  -> (artifact id: 'ae5891ec35baae2ea3e78d54139839a2') in 0.004298 seconds
Number of updated asset objects reloaded before import = 0
Number of asset objects unloaded after import = 8
========================================================================
Received Import Request.
  Time since last request: 0.000443 seconds.
  path: Assets/Building Blocks/Alien_planet/Prefabs/Lush
  artifactKey: Guid(995ed72ed14567349849569f5e2d3fed) Importer(2089858483,0ecaa5967403d082aa24f35e1b516d23)
Start importing Assets/Building Blocks/Alien_planet/Prefabs/Lush using Guid(995ed72ed14567349849569f5e2d3fed) Importer(2089858483,0ecaa5967403d082aa24f35e1b516d23)  -> (artifact id: 'b03907d0b12fe584bfc39e71b60aa31d') in 0.001571 seconds
Number of updated asset objects reloaded before import = 0
Number of asset objects unloaded after import = 1
========================================================================
Received Import Request.
  Time since last request: 0.001306 seconds.
  path: Assets/Building Blocks/Alien_planet/Textures/Skies
  artifactKey: Guid(efb351b77d0075e41b72426d34d5c055) Importer(2089858483,0ecaa5967403d082aa24f35e1b516d23)
Start importing Assets/Building Blocks/Alien_planet/Textures/Skies using Guid(efb351b77d0075e41b72426d34d5c055) Importer(2089858483,0ecaa5967403d082aa24f35e1b516d23)  -> (artifact id: '1fcdd2fa3a1bb8bb965bcca9820b66cb') in 0.002076 seconds
Number of updated asset objects reloaded before import = 0
Number of asset objects unloaded after import = 1
========================================================================
Received Import Request.
  Time since last request: 0.002584 seconds.
  path: Assets/Building Blocks/Alien_planet/Rocks/Dry/small_rocks_dry.FBX
  artifactKey: Guid(2e1a1fafa9480064fbff03e539361aba) Importer(2089858483,0ecaa5967403d082aa24f35e1b516d23)
Start importing Assets/Building Blocks/Alien_planet/Rocks/Dry/small_rocks_dry.FBX using Guid(2e1a1fafa9480064fbff03e539361aba) Importer(2089858483,0ecaa5967403d082aa24f35e1b516d23)  -> (artifact id: '9f47649f9e83c892b8ec5f2dfdf9ad8a') in 0.014955 seconds
Number of updated asset objects reloaded before import = 0
Number of asset objects unloaded after import = 10
========================================================================
Received Import Request.
  Time since last request: 0.001371 seconds.
  path: Assets/Building Blocks/Alien_planet/Alien_structures/Alien_blockB_skin2.FBX
  artifactKey: Guid(74caa68a18dfc4649946efc111103437) Importer(2089858483,0ecaa5967403d082aa24f35e1b516d23)
Start importing Assets/Building Blocks/Alien_planet/Alien_structures/Alien_blockB_skin2.FBX using Guid(74caa68a18dfc4649946efc111103437) Importer(2089858483,0ecaa5967403d082aa24f35e1b516d23)  -> (artifact id: '2c8cd938c2a4827da5c9cd67e8dd45bb') in 0.011579 seconds
Number of updated asset objects reloaded before import = 0
Number of asset objects unloaded after import = 8
========================================================================
Received Prepare
Switching render pipeline f7a61c94616c24057bb3e10669747e6f -> 5491067e236f64790be0bb6e2d192d61
Refreshing native plugins compatible for Editor in 1.04 ms, found 2 plugins.
Preloading 0 native plugins for Editor in 0.00 ms.
Unloading 55 Unused Serialized files (Serialized files now loaded: 0)
Unloading 8 unused Assets / (52.6 KB). Loaded Objects now: 5573.
Memory consumption went from 115.8 MB to 115.7 MB.
Total: 6.897167 ms (FindLiveObjects: 0.314625 ms CreateObjectMapping: 0.082625 ms MarkObjects: 6.347417 ms  DeleteObjects: 0.151625 ms)

Prepare: number of updated asset objects reloaded= 0
AssetImportParameters requested are different than current active one (requested -> active):
  custom:container-demuxer-ogg: 62fdf1f143b41e24485cea50d1cbac27 -> 
  custom:video-decoder-ogg-theora: a1e56fd34408186e4bbccfd4996cb3dc -> 
  custom:CustomObjectIndexerAttribute: a3ef5dd2817f97addfee359851a9dba5 -> 
  custom:container-demuxer-webm: 4f35f7cbe854078d1ac9338744f61a02 -> 
  custom:container-muxer-webm: aa71ff27fc2769a1b78a27578f13a17b -> 
  custom:video-decoder-webm-vp8: 9c59270c3fd7afecdb556c50c9e8de78 -> 
  custom:AudioImporter_EditorPlatform: 3918e3fc78b5a79bad01e8451be0beb8 -> 
  custom:framework-osx-AVFoundation: e770b220cccbd017edd2c1fefb359320 -> 
  custom:video-encoder-webm-vp8: eb34c28f22e8b96e1ab97ce403110664 -> 
  custom:audio-decoder-ogg-vorbis: bf7c407c2cedff20999df2af8eb42d56 -> 
  custom:audio-encoder-webm-vorbis: bf7c407c2cedff20999df2af8eb42d56 -> 
========================================================================
Received Prepare
Refreshing native plugins compatible for Editor in 1.13 ms, found 2 plugins.
Preloading 0 native plugins for Editor in 0.00 ms.
Unloading 5 Unused Serialized files (Serialized files now loaded: 0)
Unloading 3 unused Assets / (38.5 KB). Loaded Objects now: 5577.
Memory consumption went from 109.7 MB to 109.7 MB.
Total: 16.114916 ms (FindLiveObjects: 0.153250 ms CreateObjectMapping: 0.058042 ms MarkObjects: 15.822208 ms  DeleteObjects: 0.080833 ms)

Prepare: number of updated asset objects reloaded= 1
AssetImportParameters requested are different than current active one (requested -> active):
  custom:container-demuxer-ogg: 62fdf1f143b41e24485cea50d1cbac27 -> 
  custom:video-decoder-ogg-theora: a1e56fd34408186e4bbccfd4996cb3dc -> 
  custom:CustomObjectIndexerAttribute: a3ef5dd2817f97addfee359851a9dba5 -> 
  custom:container-demuxer-webm: 4f35f7cbe854078d1ac9338744f61a02 -> 
  custom:container-muxer-webm: aa71ff27fc2769a1b78a27578f13a17b -> 
  custom:video-decoder-webm-vp8: 9c59270c3fd7afecdb556c50c9e8de78 -> 
  custom:AudioImporter_EditorPlatform: 3918e3fc78b5a79bad01e8451be0beb8 -> 
  custom:framework-osx-AVFoundation: e770b220cccbd017edd2c1fefb359320 -> 
  custom:video-encoder-webm-vp8: eb34c28f22e8b96e1ab97ce403110664 -> 
  custom:audio-decoder-ogg-vorbis: bf7c407c2cedff20999df2af8eb42d56 -> 
  custom:audio-encoder-webm-vorbis: bf7c407c2cedff20999df2af8eb42d56 -> 
Editor requested this worker to shutdown with reason: balancing worker count downwards
TcpMessagingSession - receive error: operation aborted. errorcode: 89, details: Operation aborted.
AssetImportWorker is now disconnected from the server
Process exiting
