Unity Editor version:    2022.3.5f1 (9674261d40ee)
Branch:                  2022.3/release
Build type:              Release
Batch mode:              YES
macOS version:           Version 13.3.1 (Build 22E261)
Darwin version:          22.4.0
Architecture:            arm64
Running under Rosetta:   NO
Available memory:        16384 MB
Using pre-set license
Pro License: YES

COMMAND LINE ARGUMENTS:
/Applications/Unity/Hub/Editor/2022.3.5f1/Unity.app/Contents/MacOS/Unity
-adb2
-batchMode
-noUpm
-name
AssetImportWorker2
-projectPath
/Users/buyer/sailors/Unity/planetarium/immersive
-logFile
Logs/AssetImportWorker2.log
-srvPort
61296
Successfully changed project path to: /Users/buyer/sailors/Unity/planetarium/immersive
/Users/buyer/sailors/Unity/planetarium/immersive
[UnityMemory] Configuration Parameters - Can be set up in boot.config
    "memorysetup-bucket-allocator-granularity=16"
    "memorysetup-bucket-allocator-bucket-count=8"
    "memorysetup-bucket-allocator-block-size=33554432"
    "memorysetup-bucket-allocator-block-count=8"
    "memorysetup-main-allocator-block-size=16777216"
    "memorysetup-thread-allocator-block-size=16777216"
    "memorysetup-gfx-main-allocator-block-size=16777216"
    "memorysetup-gfx-thread-allocator-block-size=16777216"
    "memorysetup-cache-allocator-block-size=4194304"
    "memorysetup-typetree-allocator-block-size=2097152"
    "memorysetup-profiler-bucket-allocator-granularity=16"
    "memorysetup-profiler-bucket-allocator-bucket-count=8"
    "memorysetup-profiler-bucket-allocator-block-size=33554432"
    "memorysetup-profiler-bucket-allocator-block-count=8"
    "memorysetup-profiler-allocator-block-size=16777216"
    "memorysetup-profiler-editor-allocator-block-size=1048576"
    "memorysetup-temp-allocator-size-main=16777216"
    "memorysetup-job-temp-allocator-block-size=2097152"
    "memorysetup-job-temp-allocator-block-size-background=1048576"
    "memorysetup-job-temp-allocator-reduction-small-platforms=262144"
    "memorysetup-allocator-temp-initial-block-size-main=262144"
    "memorysetup-allocator-temp-initial-block-size-worker=262144"
    "memorysetup-temp-allocator-size-background-worker=32768"
    "memorysetup-temp-allocator-size-job-worker=262144"
    "memorysetup-temp-allocator-size-preload-manager=33554432"
    "memorysetup-temp-allocator-size-nav-mesh-worker=65536"
    "memorysetup-temp-allocator-size-audio-worker=65536"
    "memorysetup-temp-allocator-size-cloud-worker=32768"
    "memorysetup-temp-allocator-size-gi-baking-worker=262144"
    "memorysetup-temp-allocator-size-gfx=262144"
Player connection [8340151104] Host "[IP] 172.17.2.126 [Port] 0 [Flags] 2 [Guid] 1664961790 [EditorId] 1664961790 [Version] 1048832 [Id] OSXEditor(0,r2d2.local) [Debug] 1 [PackageName] OSXEditor [ProjectName] Editor" joined multi-casting on [225.0.0.222:54997]...

Player connection [8340151104] Host "[IP] 172.17.2.126 [Port] 0 [Flags] 2 [Guid] 1664961790 [EditorId] 1664961790 [Version] 1048832 [Id] OSXEditor(0,r2d2.local) [Debug] 1 [PackageName] OSXEditor [ProjectName] Editor" joined alternative multi-casting on [225.0.0.222:34997]...

Refreshing native plugins compatible for Editor in 11.26 ms, found 2 plugins.
Preloading 0 native plugins for Editor in 0.00 ms.
Initialize engine version: 2022.3.5f1 (9674261d40ee)
[Subsystems] Discovering subsystems at path /Applications/Unity/Hub/Editor/2022.3.5f1/Unity.app/Contents/Resources/UnitySubsystems
[Subsystems] Discovering subsystems at path /Users/buyer/sailors/Unity/planetarium/immersive/Assets
GfxDevice: creating device client; threaded=0; jobified=0
 preferred device: Apple M1 Pro (high power)
Metal devices available: 1
0: Apple M1 Pro (high power)
Using device Apple M1 Pro (high power)
Initializing Metal device caps: Apple M1 Pro
Initialize mono
Mono path[0] = '/Applications/Unity/Hub/Editor/2022.3.5f1/Unity.app/Contents/Managed'
Mono path[1] = '/Applications/Unity/Hub/Editor/2022.3.5f1/Unity.app/Contents/MonoBleedingEdge/lib/mono/unityjit-macos'
Mono config path = '/Applications/Unity/Hub/Editor/2022.3.5f1/Unity.app/Contents/MonoBleedingEdge/etc'
Using monoOptions --debugger-agent=transport=dt_socket,embedding=1,server=y,suspend=n,address=127.0.0.1:56839
Begin MonoManager ReloadAssembly
Registering precompiled unity dll's ...
Register platform support module: /Applications/Unity/Hub/Editor/2022.3.5f1/PlaybackEngines/WebGLSupport/UnityEditor.WebGL.Extensions.dll
Register platform support module: /Applications/Unity/Hub/Editor/2022.3.5f1/Unity.app/Contents/PlaybackEngines/MacStandaloneSupport/UnityEditor.OSXStandalone.Extensions.dll
Registered in 0.001114 seconds.
- Loaded All Assemblies, in  0.353 seconds
Native extension for OSXStandalone target not found
Native extension for WebGL target not found
Mono: successfully reloaded assembly
- Finished resetting the current domain, in  0.239 seconds
Domain Reload Profiling: 595ms
	BeginReloadAssembly (113ms)
		ExecutionOrderSort (0ms)
		DisableScriptedObjects (0ms)
		BackupInstance (0ms)
		ReleaseScriptingObjects (0ms)
		CreateAndSetChildDomain (0ms)
	RebuildCommonClasses (40ms)
	RebuildNativeTypeToScriptingClass (13ms)
	initialDomainReloadingComplete (47ms)
	LoadAllAssembliesAndSetupDomain (138ms)
		LoadAssemblies (113ms)
		RebuildTransferFunctionScriptingTraits (0ms)
		AnalyzeDomain (136ms)
			TypeCache.Refresh (135ms)
				TypeCache.ScanAssembly (118ms)
			ScanForSourceGeneratedMonoScriptInfo (0ms)
			ResolveRequiredComponents (0ms)
	FinalizeReload (242ms)
		ReleaseScriptCaches (0ms)
		RebuildScriptCaches (0ms)
		SetupLoadedEditorAssemblies (178ms)
			LogAssemblyErrors (0ms)
			InitializePlatformSupportModulesInManaged (9ms)
			SetLoadedEditorAssemblies (7ms)
			RefreshPlugins (0ms)
			BeforeProcessingInitializeOnLoad (2ms)
			ProcessInitializeOnLoadAttributes (106ms)
			ProcessInitializeOnLoadMethodAttributes (56ms)
			AfterProcessingInitializeOnLoad (0ms)
			EditorAssembliesLoaded (0ms)
		ExecutionOrderSort2 (0ms)
		AwakeInstancesAfterBackupRestoration (0ms)
========================================================================
Worker process is ready to serve import requests
Begin MonoManager ReloadAssembly
Symbol file LoadedFromMemory doesn't match image /Users/buyer/sailors/Unity/planetarium/immersive/Library/PackageCache/com.unity.visualscripting@1.8.0/Editor/VisualScripting.Core/Dependencies/YamlDotNet/Unity.VisualScripting.YamlDotNet.dll
Symbol file LoadedFromMemory doesn't match image /Users/buyer/sailors/Unity/planetarium/immersive/Library/PackageCache/com.unity.visualscripting@1.8.0/Editor/VisualScripting.Core/Dependencies/DotNetZip/Unity.VisualScripting.IonicZip.dll
- Loaded All Assemblies, in  0.863 seconds
Refreshing native plugins compatible for Editor in 1.08 ms, found 2 plugins.
Native extension for OSXStandalone target not found
Native extension for WebGL target not found
Mono: successfully reloaded assembly
- Finished resetting the current domain, in  0.529 seconds
Domain Reload Profiling: 1393ms
	BeginReloadAssembly (143ms)
		ExecutionOrderSort (0ms)
		DisableScriptedObjects (4ms)
		BackupInstance (0ms)
		ReleaseScriptingObjects (0ms)
		CreateAndSetChildDomain (48ms)
	RebuildCommonClasses (30ms)
	RebuildNativeTypeToScriptingClass (9ms)
	initialDomainReloadingComplete (27ms)
	LoadAllAssembliesAndSetupDomain (654ms)
		LoadAssemblies (379ms)
		RebuildTransferFunctionScriptingTraits (0ms)
		AnalyzeDomain (324ms)
			TypeCache.Refresh (293ms)
				TypeCache.ScanAssembly (278ms)
			ScanForSourceGeneratedMonoScriptInfo (23ms)
			ResolveRequiredComponents (7ms)
	FinalizeReload (530ms)
		ReleaseScriptCaches (0ms)
		RebuildScriptCaches (0ms)
		SetupLoadedEditorAssemblies (364ms)
			LogAssemblyErrors (0ms)
			InitializePlatformSupportModulesInManaged (4ms)
			SetLoadedEditorAssemblies (4ms)
			RefreshPlugins (0ms)
			BeforeProcessingInitializeOnLoad (64ms)
			ProcessInitializeOnLoadAttributes (234ms)
			ProcessInitializeOnLoadMethodAttributes (57ms)
			AfterProcessingInitializeOnLoad (1ms)
			EditorAssembliesLoaded (0ms)
		ExecutionOrderSort2 (0ms)
		AwakeInstancesAfterBackupRestoration (3ms)
Switching render pipeline f7a61c94616c24057bb3e10669747e6f -> 00000000000000000000000000000000
Launching external process: /Applications/Unity/Hub/Editor/2022.3.5f1/Unity.app/Contents/Tools/UnityShaderCompiler
Launched and connected shader compiler UnityShaderCompiler after 0.12 seconds
Refreshing native plugins compatible for Editor in 1.69 ms, found 2 plugins.
Preloading 0 native plugins for Editor in 0.00 ms.
Unloading 5107 Unused Serialized files (Serialized files now loaded: 0)
Unloading 116 unused Assets / (109.4 KB). Loaded Objects now: 5524.
Memory consumption went from 215.9 MB to 215.8 MB.
Total: 6.535875 ms (FindLiveObjects: 0.632333 ms CreateObjectMapping: 0.067708 ms MarkObjects: 5.083875 ms  DeleteObjects: 0.750959 ms)

AssetImportParameters requested are different than current active one (requested -> active):
  custom:container-demuxer-ogg: 62fdf1f143b41e24485cea50d1cbac27 -> 
  custom:video-decoder-ogg-theora: a1e56fd34408186e4bbccfd4996cb3dc -> 
  custom:CustomObjectIndexerAttribute: a3ef5dd2817f97addfee359851a9dba5 -> 
  custom:container-demuxer-webm: 4f35f7cbe854078d1ac9338744f61a02 -> 
  custom:container-muxer-webm: aa71ff27fc2769a1b78a27578f13a17b -> 
  custom:video-decoder-webm-vp8: 9c59270c3fd7afecdb556c50c9e8de78 -> 
  custom:AudioImporter_EditorPlatform: 3918e3fc78b5a79bad01e8451be0beb8 -> 
  custom:framework-osx-AVFoundation: e770b220cccbd017edd2c1fefb359320 -> 
  custom:video-encoder-webm-vp8: eb34c28f22e8b96e1ab97ce403110664 -> 
  custom:audio-decoder-ogg-vorbis: bf7c407c2cedff20999df2af8eb42d56 -> 
  custom:audio-encoder-webm-vorbis: bf7c407c2cedff20999df2af8eb42d56 -> 
========================================================================
Received Import Request.
  Time since last request: 217040.928907 seconds.
  path: Assets/Building Blocks/Alien_planet/Terrain/Terrain_d_dry.FBX
  artifactKey: Guid(8cccd5f3fc43d8d46adc17ada6eaeda0) Importer(2089858483,0ecaa5967403d082aa24f35e1b516d23)
Start importing Assets/Building Blocks/Alien_planet/Terrain/Terrain_d_dry.FBX using Guid(8cccd5f3fc43d8d46adc17ada6eaeda0) Importer(2089858483,0ecaa5967403d082aa24f35e1b516d23)  -> (artifact id: '5bb8cffc53664272dfd233e8a17c98a0') in 0.179019 seconds
Number of updated asset objects reloaded before import = 0
Number of asset objects unloaded after import = 8
========================================================================
Received Import Request.
  Time since last request: 0.005674 seconds.
  path: Assets/Building Blocks/Alien_planet/Terrain/Mesa_lushB.FBX
  artifactKey: Guid(841e2d67b7e7abb469cdec362730c783) Importer(2089858483,0ecaa5967403d082aa24f35e1b516d23)
Start importing Assets/Building Blocks/Alien_planet/Terrain/Mesa_lushB.FBX using Guid(841e2d67b7e7abb469cdec362730c783) Importer(2089858483,0ecaa5967403d082aa24f35e1b516d23)  -> (artifact id: 'e847f34b9ee502ae2d98dc2c96c0f8f4') in 0.016211 seconds
Number of updated asset objects reloaded before import = 0
Number of asset objects unloaded after import = 8
========================================================================
Received Import Request.
  Time since last request: 0.005198 seconds.
  path: Assets/Building Blocks/Alien_planet/Foliage/Ice/Ice_Grassb.FBX
  artifactKey: Guid(086778f2d5022c34eb1a2e1ed7908d3f) Importer(2089858483,0ecaa5967403d082aa24f35e1b516d23)
Start importing Assets/Building Blocks/Alien_planet/Foliage/Ice/Ice_Grassb.FBX using Guid(086778f2d5022c34eb1a2e1ed7908d3f) Importer(2089858483,0ecaa5967403d082aa24f35e1b516d23)  -> (artifact id: 'ec710141d6949daeb45dfc806804a494') in 0.012801 seconds
Number of updated asset objects reloaded before import = 0
Number of asset objects unloaded after import = 7
========================================================================
Received Import Request.
  Time since last request: 0.006939 seconds.
  path: Assets/Building Blocks/Alien_planet/Prefabs/effects/Dust_cloud_landing.prefab
  artifactKey: Guid(513e8947e1ca2b54fa436cf2a72bd171) Importer(2089858483,0ecaa5967403d082aa24f35e1b516d23)
Start importing Assets/Building Blocks/Alien_planet/Prefabs/effects/Dust_cloud_landing.prefab using Guid(513e8947e1ca2b54fa436cf2a72bd171) Importer(2089858483,0ecaa5967403d082aa24f35e1b516d23)  -> (artifact id: '37beb2782e5bfb9c667f6503f8193dde') in 0.068173 seconds
Number of updated asset objects reloaded before import = 0
Number of asset objects unloaded after import = 6
========================================================================
Received Import Request.
  Time since last request: 0.007879 seconds.
  path: Assets/Building Blocks/Alien_planet/Rocks/Ice/Crystal_tall_ice.FBX
  artifactKey: Guid(01ddfc56e0f75bf4694005e9da52d3a8) Importer(2089858483,0ecaa5967403d082aa24f35e1b516d23)
Start importing Assets/Building Blocks/Alien_planet/Rocks/Ice/Crystal_tall_ice.FBX using Guid(01ddfc56e0f75bf4694005e9da52d3a8) Importer(2089858483,0ecaa5967403d082aa24f35e1b516d23)  -> (artifact id: 'aaee0f834a166aa65bc972ac96e1dd2d') in 0.014852 seconds
Number of updated asset objects reloaded before import = 0
Number of asset objects unloaded after import = 8
========================================================================
Received Import Request.
  Time since last request: 0.001313 seconds.
  path: Assets/Building Blocks/Alien_planet/Prefabs/Ice/Rocks
  artifactKey: Guid(cc94b2584881945479ae7585c34cf0b8) Importer(2089858483,0ecaa5967403d082aa24f35e1b516d23)
Start importing Assets/Building Blocks/Alien_planet/Prefabs/Ice/Rocks using Guid(cc94b2584881945479ae7585c34cf0b8) Importer(2089858483,0ecaa5967403d082aa24f35e1b516d23)  -> (artifact id: '56248c2533389e6d1eba19e401c52964') in 0.002349 seconds
Number of updated asset objects reloaded before import = 0
Number of asset objects unloaded after import = 1
========================================================================
Received Import Request.
  Time since last request: 0.000173 seconds.
  path: Assets/Building Blocks/Alien_planet/Scenes/Ship_ice_flyby.anim
  artifactKey: Guid(547847d790861c84391522bfbf4e932e) Importer(2089858483,0ecaa5967403d082aa24f35e1b516d23)
Start importing Assets/Building Blocks/Alien_planet/Scenes/Ship_ice_flyby.anim using Guid(547847d790861c84391522bfbf4e932e) Importer(2089858483,0ecaa5967403d082aa24f35e1b516d23)  -> (artifact id: '3f0f8cfca49742ff43b8615253ea9648') in 0.006242 seconds
Number of updated asset objects reloaded before import = 0
Number of asset objects unloaded after import = 1
========================================================================
Received Import Request.
  Time since last request: 0.000860 seconds.
  path: Assets/Building Blocks/Alien_planet/Spaceship/Spaceship_D_skin3.FBX
  artifactKey: Guid(8755dfa4199e6fb43acb37b9b68c1595) Importer(2089858483,0ecaa5967403d082aa24f35e1b516d23)
Start importing Assets/Building Blocks/Alien_planet/Spaceship/Spaceship_D_skin3.FBX using Guid(8755dfa4199e6fb43acb37b9b68c1595) Importer(2089858483,0ecaa5967403d082aa24f35e1b516d23)  -> (artifact id: '6a035dc55ea674cda3c1eb149ec692d1') in 0.016558 seconds
Number of updated asset objects reloaded before import = 0
Number of asset objects unloaded after import = 46
========================================================================
Received Import Request.
  Time since last request: 0.000427 seconds.
  path: Assets/Building Blocks/Alien_planet/Prefabs/Dry/foliage/Dry_deadtreeb.prefab
  artifactKey: Guid(13ba85f0d9b45bb4ea9e8b07b9385fcc) Importer(2089858483,0ecaa5967403d082aa24f35e1b516d23)
Start importing Assets/Building Blocks/Alien_planet/Prefabs/Dry/foliage/Dry_deadtreeb.prefab using Guid(13ba85f0d9b45bb4ea9e8b07b9385fcc) Importer(2089858483,0ecaa5967403d082aa24f35e1b516d23)  -> (artifact id: '4d44accada14842042b5a5df210f96b4') in 0.008177 seconds
Number of updated asset objects reloaded before import = 0
Number of asset objects unloaded after import = 8
========================================================================
Received Import Request.
  Time since last request: 0.002649 seconds.
  path: Assets/Building Blocks/Alien_planet/Prefabs/Alien_structure/Alien_blockB.prefab
  artifactKey: Guid(e4c1a4725c5466b488f616394afcda15) Importer(2089858483,0ecaa5967403d082aa24f35e1b516d23)
Start importing Assets/Building Blocks/Alien_planet/Prefabs/Alien_structure/Alien_blockB.prefab using Guid(e4c1a4725c5466b488f616394afcda15) Importer(2089858483,0ecaa5967403d082aa24f35e1b516d23)  -> (artifact id: 'a0c8f38632a6fdcfcb9d2b58a47720e6') in 0.007456 seconds
Number of updated asset objects reloaded before import = 0
Number of asset objects unloaded after import = 8
========================================================================
Received Import Request.
  Time since last request: 0.000519 seconds.
  path: Assets/Building Blocks/Alien_planet/Rocks/Dry/flat_bigrock_dry.FBX
  artifactKey: Guid(6c22f6aeefee5b94ca54323c20370e84) Importer(2089858483,0ecaa5967403d082aa24f35e1b516d23)
Start importing Assets/Building Blocks/Alien_planet/Rocks/Dry/flat_bigrock_dry.FBX using Guid(6c22f6aeefee5b94ca54323c20370e84) Importer(2089858483,0ecaa5967403d082aa24f35e1b516d23)  -> (artifact id: '82e737f20578fcfe37a244c85048ba6c') in 0.030438 seconds
Number of updated asset objects reloaded before import = 0
Number of asset objects unloaded after import = 8
========================================================================
Received Import Request.
  Time since last request: 0.003393 seconds.
  path: Assets/Building Blocks/Alien_planet/Prefabs/Lush/foliage/Lush_bulbous_plant.prefab
  artifactKey: Guid(0e36944dd09ba274590ddc7add8ae097) Importer(2089858483,3d70f49cd1c2eb9ae422958d1c652c6b)
Start importing Assets/Building Blocks/Alien_planet/Prefabs/Lush/foliage/Lush_bulbous_plant.prefab using Guid(0e36944dd09ba274590ddc7add8ae097) Importer(2089858483,3d70f49cd1c2eb9ae422958d1c652c6b)  -> (artifact id: 'c966906356a672dc1f9a296fda329e53') in 0.012592 seconds
Number of updated asset objects reloaded before import = 0
Number of asset objects unloaded after import = 9
========================================================================
Received Import Request.
  Time since last request: 0.004086 seconds.
  path: Assets/Scripts/Immersive/Settings/Base-Earth/Shape.asset
  artifactKey: Guid(f3e910eceafbb443bb4be6a6a1a61f42) Importer(2089858483,3d70f49cd1c2eb9ae422958d1c652c6b)
Start importing Assets/Scripts/Immersive/Settings/Base-Earth/Shape.asset using Guid(f3e910eceafbb443bb4be6a6a1a61f42) Importer(2089858483,3d70f49cd1c2eb9ae422958d1c652c6b)  -> (artifact id: '7c2cc8869258804deabb3fa135d6b2a2') in 0.002623 seconds
Number of updated asset objects reloaded before import = 0
Number of asset objects unloaded after import = 0
========================================================================
Received Import Request.
  Time since last request: 0.000468 seconds.
  path: Assets/Scripts/Immersive/Noise.cs
  artifactKey: Guid(e704d116079374fa1aba59dc13a9b006) Importer(2089858483,0ecaa5967403d082aa24f35e1b516d23)
Start importing Assets/Scripts/Immersive/Noise.cs using Guid(e704d116079374fa1aba59dc13a9b006) Importer(2089858483,0ecaa5967403d082aa24f35e1b516d23)  -> (artifact id: 'b94daa92bbd1ba972cedf53875aa4d5c') in 0.002603 seconds
Number of updated asset objects reloaded before import = 0
Number of asset objects unloaded after import = 1
========================================================================
Received Import Request.
  Time since last request: 0.000153 seconds.
  path: Assets/Building Blocks/Alien_planet/Foliage/Gas/Gas_plantd.FBX
  artifactKey: Guid(16b8c2850a8ce614582caf67d9b3ae30) Importer(2089858483,0ecaa5967403d082aa24f35e1b516d23)
Start importing Assets/Building Blocks/Alien_planet/Foliage/Gas/Gas_plantd.FBX using Guid(16b8c2850a8ce614582caf67d9b3ae30) Importer(2089858483,0ecaa5967403d082aa24f35e1b516d23)  -> (artifact id: 'b208ae4e30030f3d8c40ef3c28e187e5') in 0.012148 seconds
Number of updated asset objects reloaded before import = 0
Number of asset objects unloaded after import = 8
========================================================================
Received Import Request.
  Time since last request: 0.014493 seconds.
  path: Assets/Building Blocks/Alien_planet/Prefabs/Lush/foliage
  artifactKey: Guid(a7ae3d55571a4e6469e48aa652fae91a) Importer(2089858483,0ecaa5967403d082aa24f35e1b516d23)
Start importing Assets/Building Blocks/Alien_planet/Prefabs/Lush/foliage using Guid(a7ae3d55571a4e6469e48aa652fae91a) Importer(2089858483,0ecaa5967403d082aa24f35e1b516d23)  -> (artifact id: '41cba0c5e244294d8b3fdf3ecbc81db4') in 0.001743 seconds
Number of updated asset objects reloaded before import = 0
Number of asset objects unloaded after import = 1
========================================================================
Received Import Request.
  Time since last request: 0.002723 seconds.
  path: Assets/Building Blocks/Alien_planet/Rocks/Ice/flat_rockb_ice.FBX
  artifactKey: Guid(cf646740a9365cb48b228b5dad09ef9b) Importer(2089858483,0ecaa5967403d082aa24f35e1b516d23)
Start importing Assets/Building Blocks/Alien_planet/Rocks/Ice/flat_rockb_ice.FBX using Guid(cf646740a9365cb48b228b5dad09ef9b) Importer(2089858483,0ecaa5967403d082aa24f35e1b516d23)  -> (artifact id: '4f3494e4a130c8f0023b3268579ae5da') in 0.014490 seconds
Number of updated asset objects reloaded before import = 0
Number of asset objects unloaded after import = 8
========================================================================
Received Import Request.
  Time since last request: 0.002327 seconds.
  path: Assets/Building Blocks/Alien_planet/Prefabs/Lush/foliage/tall_lush_plant.prefab
  artifactKey: Guid(71f77660e45c0f94f9bef99db1aa0148) Importer(2089858483,3d70f49cd1c2eb9ae422958d1c652c6b)
Start importing Assets/Building Blocks/Alien_planet/Prefabs/Lush/foliage/tall_lush_plant.prefab using Guid(71f77660e45c0f94f9bef99db1aa0148) Importer(2089858483,3d70f49cd1c2eb9ae422958d1c652c6b)  -> (artifact id: '7235cd3b57e1c340d9ee54ab77ebb9cb') in 0.002799 seconds
Number of updated asset objects reloaded before import = 0
Number of asset objects unloaded after import = 9
========================================================================
Received Import Request.
  Time since last request: 0.001029 seconds.
  path: Assets/Building Blocks/Alien_planet/Rocks/Dry/flat_rockb_dry.FBX
  artifactKey: Guid(1a3f41c1e5d8de74a9fd8a811a950e58) Importer(2089858483,0ecaa5967403d082aa24f35e1b516d23)
Start importing Assets/Building Blocks/Alien_planet/Rocks/Dry/flat_rockb_dry.FBX using Guid(1a3f41c1e5d8de74a9fd8a811a950e58) Importer(2089858483,0ecaa5967403d082aa24f35e1b516d23)  -> (artifact id: 'dde4ee9daf05ceebcde8c5397466ba25') in 0.011282 seconds
Number of updated asset objects reloaded before import = 0
Number of asset objects unloaded after import = 7
========================================================================
Received Import Request.
  Time since last request: 0.001419 seconds.
  path: Assets/Building Blocks/Alien_planet/Prefabs/Lush/foliage/Root_lush.prefab
  artifactKey: Guid(468caf7d96d93ae47a713d84704517a2) Importer(2089858483,3d70f49cd1c2eb9ae422958d1c652c6b)
Start importing Assets/Building Blocks/Alien_planet/Prefabs/Lush/foliage/Root_lush.prefab using Guid(468caf7d96d93ae47a713d84704517a2) Importer(2089858483,3d70f49cd1c2eb9ae422958d1c652c6b)  -> (artifact id: '435673f62993838d12b999274b5560b4') in 0.004149 seconds
Number of updated asset objects reloaded before import = 0
Number of asset objects unloaded after import = 10
========================================================================
Received Import Request.
  Time since last request: 0.000665 seconds.
  path: Assets/Building Blocks/Alien_planet/Prefabs/Spaceships/Drone_skin1.prefab
  artifactKey: Guid(5c87ba7805341b74db2bf6586bc55f3d) Importer(2089858483,3d70f49cd1c2eb9ae422958d1c652c6b)
Start importing Assets/Building Blocks/Alien_planet/Prefabs/Spaceships/Drone_skin1.prefab using Guid(5c87ba7805341b74db2bf6586bc55f3d) Importer(2089858483,3d70f49cd1c2eb9ae422958d1c652c6b)  -> (artifact id: 'da0d0515f0eb9423f35e2366bc108226') in 0.006390 seconds
Number of updated asset objects reloaded before import = 0
Number of asset objects unloaded after import = 56
========================================================================
Received Import Request.
  Time since last request: 0.000297 seconds.
  path: Assets/Building Blocks/Alien_planet/Prefabs/Alien_structure/Alien_blockG.prefab
  artifactKey: Guid(648e518a881d99548911a75dc62bcfe2) Importer(2089858483,3d70f49cd1c2eb9ae422958d1c652c6b)
Start importing Assets/Building Blocks/Alien_planet/Prefabs/Alien_structure/Alien_blockG.prefab using Guid(648e518a881d99548911a75dc62bcfe2) Importer(2089858483,3d70f49cd1c2eb9ae422958d1c652c6b)  -> (artifact id: '7815085a64b99bca7af2a17d40ac55d9') in 0.010834 seconds
Number of updated asset objects reloaded before import = 0
Number of asset objects unloaded after import = 9
========================================================================
Received Import Request.
  Time since last request: 0.001391 seconds.
  path: Assets/Building Blocks/Alien_planet/Editor
  artifactKey: Guid(a679e765ea2ff2945bd333e4c298e4e1) Importer(2089858483,0ecaa5967403d082aa24f35e1b516d23)
Start importing Assets/Building Blocks/Alien_planet/Editor using Guid(a679e765ea2ff2945bd333e4c298e4e1) Importer(2089858483,0ecaa5967403d082aa24f35e1b516d23)  -> (artifact id: '12e369816bdcf9883fb51c5b8414358a') in 0.001703 seconds
Number of updated asset objects reloaded before import = 0
Number of asset objects unloaded after import = 1
========================================================================
Received Import Request.
  Time since last request: 0.002041 seconds.
  path: Assets/Building Blocks/Alien_planet/Alien_structures/Alien_circle (1).controller
  artifactKey: Guid(0e1312ebc973cf64ea47ca80b5a30565) Importer(2089858483,0ecaa5967403d082aa24f35e1b516d23)
Start importing Assets/Building Blocks/Alien_planet/Alien_structures/Alien_circle (1).controller using Guid(0e1312ebc973cf64ea47ca80b5a30565) Importer(2089858483,0ecaa5967403d082aa24f35e1b516d23)  -> (artifact id: 'ccaa11e7845e47f082645e2ad5b5de57') in 0.005867 seconds
Number of updated asset objects reloaded before import = 0
Number of asset objects unloaded after import = 4
========================================================================
Received Import Request.
  Time since last request: 0.002092 seconds.
  path: Assets/Building Blocks/Alien_planet/Effects/snow.tga
  artifactKey: Guid(4d1dc61cdb8038541b1a2c39ec207c2a) Importer(2089858483,0ecaa5967403d082aa24f35e1b516d23)
Start importing Assets/Building Blocks/Alien_planet/Effects/snow.tga using Guid(4d1dc61cdb8038541b1a2c39ec207c2a) Importer(2089858483,0ecaa5967403d082aa24f35e1b516d23)  -> (artifact id: '8c2c90d1f9f5bedb2d5f42742059b449') in 0.033921 seconds
Number of updated asset objects reloaded before import = 0
Number of asset objects unloaded after import = 1
========================================================================
Received Import Request.
  Time since last request: 0.000925 seconds.
  path: Assets/Building Blocks/Alien_planet/Terrain/Terrain_a_dry.FBX
  artifactKey: Guid(9d350f5bbf26d8a45a4f8a04d508fbe9) Importer(2089858483,0ecaa5967403d082aa24f35e1b516d23)
Start importing Assets/Building Blocks/Alien_planet/Terrain/Terrain_a_dry.FBX using Guid(9d350f5bbf26d8a45a4f8a04d508fbe9) Importer(2089858483,0ecaa5967403d082aa24f35e1b516d23)  -> (artifact id: '28832baf94d3904d766770bc6c3aed6d') in 0.027736 seconds
Number of updated asset objects reloaded before import = 0
Number of asset objects unloaded after import = 8
========================================================================
Received Import Request.
  Time since last request: 0.000368 seconds.
  path: Assets/Building Blocks/Alien_planet/Alien_structures/Alien_circle_skin2.FBX
  artifactKey: Guid(39916e81aeed9e14499c619406dc8ae5) Importer(2089858483,0ecaa5967403d082aa24f35e1b516d23)
Start importing Assets/Building Blocks/Alien_planet/Alien_structures/Alien_circle_skin2.FBX using Guid(39916e81aeed9e14499c619406dc8ae5) Importer(2089858483,0ecaa5967403d082aa24f35e1b516d23)  -> (artifact id: '3976a24e91f8d5f3cf2531372aa0f062') in 0.015215 seconds
Number of updated asset objects reloaded before import = 0
Number of asset objects unloaded after import = 8
========================================================================
Received Import Request.
  Time since last request: 0.001341 seconds.
  path: Assets/Building Blocks/Alien_planet/Prefabs/Lush/Rocks
  artifactKey: Guid(c7136f3cdaf5fe14a9417b4c2d8becea) Importer(2089858483,0ecaa5967403d082aa24f35e1b516d23)
Start importing Assets/Building Blocks/Alien_planet/Prefabs/Lush/Rocks using Guid(c7136f3cdaf5fe14a9417b4c2d8becea) Importer(2089858483,0ecaa5967403d082aa24f35e1b516d23)  -> (artifact id: '434953266ce59a88ece78d55cf1a6e77') in 0.003069 seconds
Number of updated asset objects reloaded before import = 0
Number of asset objects unloaded after import = 1
========================================================================
Received Import Request.
  Time since last request: 0.000570 seconds.
  path: Assets/Building Blocks/Alien_planet/Foliage/Gas/Gas_plant.FBX
  artifactKey: Guid(96486a6baa75a994eafe925860fcec1a) Importer(2089858483,0ecaa5967403d082aa24f35e1b516d23)
Start importing Assets/Building Blocks/Alien_planet/Foliage/Gas/Gas_plant.FBX using Guid(96486a6baa75a994eafe925860fcec1a) Importer(2089858483,0ecaa5967403d082aa24f35e1b516d23)  -> (artifact id: '248924beaf56652629d2dcc48d8e049f') in 0.009716 seconds
Number of updated asset objects reloaded before import = 0
Number of asset objects unloaded after import = 8
========================================================================
Received Import Request.
  Time since last request: 0.003897 seconds.
  path: Assets/Building Blocks/Alien_planet/Prefabs/effects/snow_fall.prefab
  artifactKey: Guid(2f97ba0ccc021734a923b5bb392b9445) Importer(2089858483,0ecaa5967403d082aa24f35e1b516d23)
Start importing Assets/Building Blocks/Alien_planet/Prefabs/effects/snow_fall.prefab using Guid(2f97ba0ccc021734a923b5bb392b9445) Importer(2089858483,0ecaa5967403d082aa24f35e1b516d23)  -> (artifact id: '071ee5906dc859c36a8cc21f42a3fa49') in 0.033755 seconds
Number of updated asset objects reloaded before import = 0
Number of asset objects unloaded after import = 6
========================================================================
Received Import Request.
  Time since last request: 0.003370 seconds.
  path: Assets/Building Blocks/Alien_planet/Prefabs/Dry/foliage/Dry_treeb.prefab
  artifactKey: Guid(29fd2c3c2e57c1d4db11657beb6c6a91) Importer(2089858483,0ecaa5967403d082aa24f35e1b516d23)
Start importing Assets/Building Blocks/Alien_planet/Prefabs/Dry/foliage/Dry_treeb.prefab using Guid(29fd2c3c2e57c1d4db11657beb6c6a91) Importer(2089858483,0ecaa5967403d082aa24f35e1b516d23)  -> (artifact id: '2286c4aed9cd6039e3762ec0086362fe') in 0.004893 seconds
Number of updated asset objects reloaded before import = 0
Number of asset objects unloaded after import = 8
========================================================================
Received Import Request.
  Time since last request: 0.005977 seconds.
  path: Assets/Building Blocks/Alien_planet/Rocks/Ice/bigrock_ice.FBX
  artifactKey: Guid(e3b36c4bed33ec04a8fff7d34de87e2a) Importer(2089858483,0ecaa5967403d082aa24f35e1b516d23)
Start importing Assets/Building Blocks/Alien_planet/Rocks/Ice/bigrock_ice.FBX using Guid(e3b36c4bed33ec04a8fff7d34de87e2a) Importer(2089858483,0ecaa5967403d082aa24f35e1b516d23)  -> (artifact id: 'd5ef8eb88cbba748a0de6cb6fdffd85c') in 0.015546 seconds
Number of updated asset objects reloaded before import = 0
Number of asset objects unloaded after import = 8
========================================================================
Received Import Request.
  Time since last request: 0.004647 seconds.
  path: Assets/Building Blocks/Alien_planet/Textures/Skies/Dry_sky_top.tga
  artifactKey: Guid(2982930941b829f41b277a0054a9ee2b) Importer(2089858483,0ecaa5967403d082aa24f35e1b516d23)
Start importing Assets/Building Blocks/Alien_planet/Textures/Skies/Dry_sky_top.tga using Guid(2982930941b829f41b277a0054a9ee2b) Importer(2089858483,0ecaa5967403d082aa24f35e1b516d23)  -> (artifact id: 'd1d1afe4b56a81a940d9411aa798d26a') in 0.014563 seconds
Number of updated asset objects reloaded before import = 0
Number of asset objects unloaded after import = 1
========================================================================
Received Import Request.
  Time since last request: 0.003145 seconds.
  path: Assets/Building Blocks/Alien_planet/Prefabs/Alien_structure/Alien_blockH_skin2.prefab
  artifactKey: Guid(7b3c16b683304534d841bd3cbc04347a) Importer(2089858483,0ecaa5967403d082aa24f35e1b516d23)
Start importing Assets/Building Blocks/Alien_planet/Prefabs/Alien_structure/Alien_blockH_skin2.prefab using Guid(7b3c16b683304534d841bd3cbc04347a) Importer(2089858483,0ecaa5967403d082aa24f35e1b516d23)  -> (artifact id: '6149c5dd89747b72e50e9c362682ebbe') in 0.006301 seconds
Number of updated asset objects reloaded before import = 0
Number of asset objects unloaded after import = 8
========================================================================
Received Import Request.
  Time since last request: 0.000128 seconds.
  path: Assets/Building Blocks/Alien_planet/Rocks/Gas/Gas_MountainA.FBX
  artifactKey: Guid(1ced8c6829c8d0442a9f35f48a599b8b) Importer(2089858483,0ecaa5967403d082aa24f35e1b516d23)
Start importing Assets/Building Blocks/Alien_planet/Rocks/Gas/Gas_MountainA.FBX using Guid(1ced8c6829c8d0442a9f35f48a599b8b) Importer(2089858483,0ecaa5967403d082aa24f35e1b516d23)  -> (artifact id: '1dc4b58a99833fe0cdc62d1367d614c0') in 0.012250 seconds
Number of updated asset objects reloaded before import = 0
Number of asset objects unloaded after import = 8
========================================================================
Received Import Request.
  Time since last request: 0.003945 seconds.
  path: Assets/Building Blocks/Alien_planet/Prefabs/Gas/Rocks/Gas_cliffe.prefab
  artifactKey: Guid(fa6a84a432bde5e41bc64d3e44fbcf47) Importer(2089858483,0ecaa5967403d082aa24f35e1b516d23)
Start importing Assets/Building Blocks/Alien_planet/Prefabs/Gas/Rocks/Gas_cliffe.prefab using Guid(fa6a84a432bde5e41bc64d3e44fbcf47) Importer(2089858483,0ecaa5967403d082aa24f35e1b516d23)  -> (artifact id: '91e008ca703c134c5766d06b3a031490') in 0.004815 seconds
Number of updated asset objects reloaded before import = 0
Number of asset objects unloaded after import = 8
========================================================================
Received Import Request.
  Time since last request: 0.002336 seconds.
  path: Assets/Building Blocks/Alien_planet/Alien_structures/Alien_blockD_skin2.FBX
  artifactKey: Guid(628bf917512a7e14e85d240398d0d2dc) Importer(2089858483,0ecaa5967403d082aa24f35e1b516d23)
Start importing Assets/Building Blocks/Alien_planet/Alien_structures/Alien_blockD_skin2.FBX using Guid(628bf917512a7e14e85d240398d0d2dc) Importer(2089858483,0ecaa5967403d082aa24f35e1b516d23)  -> (artifact id: '71d7e0ade6defbe5d304362453cff433') in 0.018095 seconds
Number of updated asset objects reloaded before import = 0
Number of asset objects unloaded after import = 8
========================================================================
Received Import Request.
  Time since last request: 0.000425 seconds.
  path: Assets/Building Blocks/Alien_planet/Prefabs/Terrains/Lush/Terrain_d_lush.prefab
  artifactKey: Guid(c5caf6d34bc98cb41b2c4635943c22c2) Importer(2089858483,0ecaa5967403d082aa24f35e1b516d23)
Start importing Assets/Building Blocks/Alien_planet/Prefabs/Terrains/Lush/Terrain_d_lush.prefab using Guid(c5caf6d34bc98cb41b2c4635943c22c2) Importer(2089858483,0ecaa5967403d082aa24f35e1b516d23)  -> (artifact id: 'fcdd7675f3c21c8dd2738edf46b61bc5') in 0.005767 seconds
Number of updated asset objects reloaded before import = 0
Number of asset objects unloaded after import = 8
========================================================================
Received Import Request.
  Time since last request: 0.003553 seconds.
  path: Assets/Building Blocks/Alien_planet/Prefabs/Lush/Rocks/Cliffe_lush.prefab
  artifactKey: Guid(4ba5807979f9c0b4ebda7f59103f26f3) Importer(2089858483,0ecaa5967403d082aa24f35e1b516d23)
Start importing Assets/Building Blocks/Alien_planet/Prefabs/Lush/Rocks/Cliffe_lush.prefab using Guid(4ba5807979f9c0b4ebda7f59103f26f3) Importer(2089858483,0ecaa5967403d082aa24f35e1b516d23)  -> (artifact id: '8e7fa49f05f46d9533509abd9447e1c7') in 0.005304 seconds
Number of updated asset objects reloaded before import = 0
Number of asset objects unloaded after import = 8
========================================================================
Received Import Request.
  Time since last request: 0.000825 seconds.
  path: Assets/Building Blocks/Alien_planet/Spaceship/Spaceship_D_skin1.FBX
  artifactKey: Guid(ab539f717672bae4ba74f9eccd70975c) Importer(2089858483,0ecaa5967403d082aa24f35e1b516d23)
Start importing Assets/Building Blocks/Alien_planet/Spaceship/Spaceship_D_skin1.FBX using Guid(ab539f717672bae4ba74f9eccd70975c) Importer(2089858483,0ecaa5967403d082aa24f35e1b516d23)  -> (artifact id: '2c86b8915311b3d02f8560f84cb783f3') in 0.012395 seconds
Number of updated asset objects reloaded before import = 0
Number of asset objects unloaded after import = 46
========================================================================
Received Import Request.
  Time since last request: 0.003455 seconds.
  path: Assets/Building Blocks/Alien_planet/Prefabs/Gas/Foliage/Gas_grass.prefab
  artifactKey: Guid(eae23173d5e760f45b93d039da2c5755) Importer(2089858483,0ecaa5967403d082aa24f35e1b516d23)
Start importing Assets/Building Blocks/Alien_planet/Prefabs/Gas/Foliage/Gas_grass.prefab using Guid(eae23173d5e760f45b93d039da2c5755) Importer(2089858483,0ecaa5967403d082aa24f35e1b516d23)  -> (artifact id: '222281997b478f9f08fb5f6542edb26b') in 0.004550 seconds
Number of updated asset objects reloaded before import = 0
Number of asset objects unloaded after import = 7
========================================================================
Received Import Request.
  Time since last request: 0.007054 seconds.
  path: Assets/Building Blocks/Alien_planet/Rocks/Lush/flat_rockc_lush.FBX
  artifactKey: Guid(dde5d3aa37c124347a7d1e01256eb5bf) Importer(2089858483,0ecaa5967403d082aa24f35e1b516d23)
Start importing Assets/Building Blocks/Alien_planet/Rocks/Lush/flat_rockc_lush.FBX using Guid(dde5d3aa37c124347a7d1e01256eb5bf) Importer(2089858483,0ecaa5967403d082aa24f35e1b516d23)  -> (artifact id: 'a860c9f8903bc7b9a67a0938083fd656') in 0.014141 seconds
Number of updated asset objects reloaded before import = 0
Number of asset objects unloaded after import = 8
========================================================================
Received Import Request.
  Time since last request: 0.001360 seconds.
  path: Assets/Building Blocks/Alien_planet/Prefabs/Dry/Rocks/cliffc_dry.prefab
  artifactKey: Guid(5c9cd308bd150cb4a93163661b7f3e32) Importer(2089858483,0ecaa5967403d082aa24f35e1b516d23)
Start importing Assets/Building Blocks/Alien_planet/Prefabs/Dry/Rocks/cliffc_dry.prefab using Guid(5c9cd308bd150cb4a93163661b7f3e32) Importer(2089858483,0ecaa5967403d082aa24f35e1b516d23)  -> (artifact id: 'f9f0428a92612d5f927b266a109242e8') in 0.004729 seconds
Number of updated asset objects reloaded before import = 0
Number of asset objects unloaded after import = 8
========================================================================
Received Prepare
Switching render pipeline f7a61c94616c24057bb3e10669747e6f -> 5491067e236f64790be0bb6e2d192d61
Refreshing native plugins compatible for Editor in 1.21 ms, found 2 plugins.
Preloading 0 native plugins for Editor in 0.00 ms.
Unloading 55 Unused Serialized files (Serialized files now loaded: 0)
Unloading 8 unused Assets / (52.6 KB). Loaded Objects now: 5573.
Memory consumption went from 115.4 MB to 115.3 MB.
Total: 5.003667 ms (FindLiveObjects: 0.214875 ms CreateObjectMapping: 0.058542 ms MarkObjects: 4.531416 ms  DeleteObjects: 0.197917 ms)

Prepare: number of updated asset objects reloaded= 0
AssetImportParameters requested are different than current active one (requested -> active):
  custom:container-demuxer-ogg: 62fdf1f143b41e24485cea50d1cbac27 -> 
  custom:video-decoder-ogg-theora: a1e56fd34408186e4bbccfd4996cb3dc -> 
  custom:CustomObjectIndexerAttribute: a3ef5dd2817f97addfee359851a9dba5 -> 
  custom:container-demuxer-webm: 4f35f7cbe854078d1ac9338744f61a02 -> 
  custom:container-muxer-webm: aa71ff27fc2769a1b78a27578f13a17b -> 
  custom:video-decoder-webm-vp8: 9c59270c3fd7afecdb556c50c9e8de78 -> 
  custom:AudioImporter_EditorPlatform: 3918e3fc78b5a79bad01e8451be0beb8 -> 
  custom:framework-osx-AVFoundation: e770b220cccbd017edd2c1fefb359320 -> 
  custom:video-encoder-webm-vp8: eb34c28f22e8b96e1ab97ce403110664 -> 
  custom:audio-decoder-ogg-vorbis: bf7c407c2cedff20999df2af8eb42d56 -> 
  custom:audio-encoder-webm-vorbis: bf7c407c2cedff20999df2af8eb42d56 -> 
========================================================================
Received Prepare
Refreshing native plugins compatible for Editor in 1.18 ms, found 2 plugins.
Preloading 0 native plugins for Editor in 0.00 ms.
Unloading 5 Unused Serialized files (Serialized files now loaded: 0)
Unloading 3 unused Assets / (38.6 KB). Loaded Objects now: 5577.
Memory consumption went from 109.3 MB to 109.3 MB.
Total: 14.125041 ms (FindLiveObjects: 0.183042 ms CreateObjectMapping: 0.060125 ms MarkObjects: 13.800292 ms  DeleteObjects: 0.080666 ms)

Prepare: number of updated asset objects reloaded= 1
AssetImportParameters requested are different than current active one (requested -> active):
  custom:container-demuxer-ogg: 62fdf1f143b41e24485cea50d1cbac27 -> 
  custom:video-decoder-ogg-theora: a1e56fd34408186e4bbccfd4996cb3dc -> 
  custom:CustomObjectIndexerAttribute: a3ef5dd2817f97addfee359851a9dba5 -> 
  custom:container-demuxer-webm: 4f35f7cbe854078d1ac9338744f61a02 -> 
  custom:container-muxer-webm: aa71ff27fc2769a1b78a27578f13a17b -> 
  custom:video-decoder-webm-vp8: 9c59270c3fd7afecdb556c50c9e8de78 -> 
  custom:AudioImporter_EditorPlatform: 3918e3fc78b5a79bad01e8451be0beb8 -> 
  custom:framework-osx-AVFoundation: e770b220cccbd017edd2c1fefb359320 -> 
  custom:video-encoder-webm-vp8: eb34c28f22e8b96e1ab97ce403110664 -> 
  custom:audio-decoder-ogg-vorbis: bf7c407c2cedff20999df2af8eb42d56 -> 
  custom:audio-encoder-webm-vorbis: bf7c407c2cedff20999df2af8eb42d56 -> 
Editor requested this worker to shutdown with reason: balancing worker count downwards
TcpMessagingSession - receive error: operation aborted. errorcode: 89, details: Operation aborted.
AssetImportWorker is now disconnected from the server
Process exiting
